#
# There is insufficient memory for the Java Runtime Environment to continue.
# Native memory allocation (malloc) failed to allocate 1080592 bytes for Chunk::new
# Possible reasons:
#   The system is out of physical RAM or swap space
#   The process is running with CompressedOops enabled, and the Java Heap may be blocking the growth of the native heap
# Possible solutions:
#   Reduce memory load on the system
#   Increase physical memory or swap space
#   Check if swap backing store is full
#   Decrease Java heap size (-Xmx/-Xms)
#   Decrease number of Java threads
#   Decrease Java thread stack sizes (-Xss)
#   Set larger code cache with -XX:ReservedCodeCacheSize=
#   JVM is running with Unscaled Compressed Oops mode in which the Java heap is
#     placed in the first 4GB address space. The Java Heap base address is the
#     maximum limit for the native heap growth. Please use -XX:HeapBaseMinAddress
#     to set the Java Heap base and to place the Java Heap above 4GB virtual address.
# This output file may be truncated or incomplete.
#
#  Out of Memory Error (allocation.cpp:389), pid=4080, tid=0x0000000000000f58
#
# JRE version: OpenJDK Runtime Environment (8.0_212-b04) (build 1.8.0_212-release-1586-b04)
# Java VM: OpenJDK 64-Bit Server VM (25.212-b04 mixed mode windows-amd64 compressed oops)
# Failed to write core dump. Minidumps are not enabled by default on client versions of Windows
#

---------------  T H R E A D  ---------------

Current thread (0x0000000015e54000):  JavaThread "C2 CompilerThread1" daemon [_thread_in_native, id=3928, stack(0x00000000175a0000,0x00000000176a0000)]

Stack: [0x00000000175a0000,0x00000000176a0000]
[error occurred during error reporting (printing stack bounds), id 0xc0000005]

Native frames: (J=compiled Java code, j=interpreted, Vv=VM code, C=native code)


Current CompileTask:
C2: 239767 16012       4       com.android.tools.r8.dex.j::a (1022 bytes)


---------------  P R O C E S S  ---------------

Java Threads: ( => current thread )
  0x0000000018bfe800 JavaThread "ForkJoinPool-6-worker-0" daemon [_thread_blocked, id=6800, stack(0x0000000026210000,0x0000000026310000)]
  0x0000000018bf7800 JavaThread "ForkJoinPool-6-worker-3" daemon [_thread_blocked, id=5476, stack(0x0000000026110000,0x0000000026210000)]
  0x000000001d12e800 JavaThread "ForkJoinPool-6-worker-2" daemon [_thread_blocked, id=5252, stack(0x0000000026010000,0x0000000026110000)]
  0x000000001d12d000 JavaThread "ForkJoinPool-6-worker-1" daemon [_thread_blocked, id=2296, stack(0x0000000025f10000,0x0000000026010000)]
  0x000000001d125800 JavaThread "WorkerExecutor Queue Thread 4" [_thread_blocked, id=11652, stack(0x0000000025710000,0x0000000025810000)]
  0x000000001d12b800 JavaThread "WorkerExecutor Queue Thread 3" [_thread_in_Java, id=3348, stack(0x0000000025610000,0x0000000025710000)]
  0x000000001d12a800 JavaThread "WorkerExecutor Queue Thread 2" [_thread_blocked, id=9832, stack(0x00000000244f0000,0x00000000245f0000)]
  0x000000001d12c000 JavaThread "WorkerExecutor Queue" [_thread_blocked, id=7920, stack(0x00000000236f0000,0x00000000237f0000)]
  0x000000001d122800 JavaThread "Cache worker for Java compile cache (C:\Java\Diplom3\Diplom\.gradle\5.6.4\javaCompile)" [_thread_blocked, id=300, stack(0x00000000231f0000,0x00000000232f0000)]
  0x000000001d121000 JavaThread "Cache worker for execution history cache (C:\Java\Diplom3\Diplom\.gradle\5.6.4\executionHistory)" [_thread_blocked, id=8080, stack(0x00000000228f0000,0x00000000229f0000)]
  0x000000001d121800 JavaThread "Execution worker for ':' Thread 3" [_thread_blocked, id=3208, stack(0x00000000224f0000,0x00000000225f0000)]
  0x000000001d127800 JavaThread "Execution worker for ':' Thread 2" [_thread_blocked, id=8148, stack(0x00000000221f0000,0x00000000222f0000)]
  0x000000001c753800 JavaThread "Execution worker for ':'" [_thread_blocked, id=10804, stack(0x00000000220f0000,0x00000000221f0000)]
  0x000000001c752000 JavaThread "Cache worker for file content cache (C:\Java\Diplom3\Diplom\.gradle\5.6.4\fileContent)" [_thread_blocked, id=12956, stack(0x0000000021ff0000,0x00000000220f0000)]
  0x000000001c751000 JavaThread "Cache worker for Build Output Cleanup Cache (C:\Java\Diplom3\Diplom\.gradle\buildOutputCleanup)" [_thread_blocked, id=10704, stack(0x00000000218f0000,0x00000000219f0000)]
  0x000000001c74f800 JavaThread "Build operations Thread 4" [_thread_blocked, id=11140, stack(0x0000000020bf0000,0x0000000020cf0000)]
  0x000000001c74f000 JavaThread "Build operations Thread 3" [_thread_blocked, id=5624, stack(0x00000000204f0000,0x00000000205f0000)]
  0x000000001c752800 JavaThread "Build operations Thread 2" [_thread_blocked, id=792, stack(0x00000000203f0000,0x00000000204f0000)]
  0x000000001c745000 JavaThread "Build operations" [_thread_blocked, id=3220, stack(0x000000001ee20000,0x000000001ef20000)]
  0x000000001c74c000 JavaThread "Cache worker for cache directory md-rule (C:\Users\–∞–¥–º–∏–Ω\.gradle\caches\5.6.4\md-rule)" [_thread_blocked, id=10776, stack(0x000000001eac0000,0x000000001ebc0000)]
  0x000000001c749000 JavaThread "Cache worker for cache directory md-supplier (C:\Users\–∞–¥–º–∏–Ω\.gradle\caches\5.6.4\md-supplier)" [_thread_blocked, id=11944, stack(0x000000001dd70000,0x000000001de70000)]
  0x000000001c748000 JavaThread "Cache worker for file hash cache (C:\Java\Diplom3\Diplom\.gradle\5.6.4\fileHashes)" [_thread_blocked, id=12620, stack(0x000000001a700000,0x000000001a800000)]
  0x000000001c746000 JavaThread "Thread-75" [_thread_blocked, id=7568, stack(0x000000001a600000,0x000000001a700000)]
  0x000000001c749800 JavaThread "Stdin handler" [_thread_blocked, id=9584, stack(0x000000001a500000,0x000000001a600000)]
  0x000000001c744800 JavaThread "Asynchronous log dispatcher for DefaultDaemonConnection: socket connection from /127.0.0.1:65112 to /127.0.0.1:65322" [_thread_blocked, id=8464, stack(0x000000001a400000,0x000000001a500000)]
  0x000000001c74a800 JavaThread "Cancel handler" [_thread_blocked, id=6572, stack(0x000000001a000000,0x000000001a100000)]
  0x000000001c74b000 JavaThread "Handler for socket connection from /127.0.0.1:65112 to /127.0.0.1:65322" [_thread_in_native, id=3704, stack(0x0000000019f00000,0x000000001a000000)]
  0x000000001d127000 JavaThread "Daemon worker Thread 2" [_thread_blocked, id=12672, stack(0x000000001a300000,0x000000001a400000)]
  0x000000001d123000 JavaThread "Daemon Thread 2" [_thread_blocked, id=788, stack(0x00000000006d0000,0x00000000007d0000)]
  0x000000001d12d800 JavaThread "Cache worker for Java compile cache (C:\Users\–∞–¥–º–∏–Ω\.gradle\caches\5.6.4\javaCompile)" [_thread_blocked, id=2028, stack(0x00000000227f0000,0x00000000228f0000)]
  0x000000001d11f800 JavaThread "Cache worker for file content cache (C:\Users\–∞–¥–º–∏–Ω\.gradle\caches\5.6.4\fileContent)" [_thread_blocked, id=8052, stack(0x00000000217f0000,0x00000000218f0000)]
  0x000000001d124800 JavaThread "Memory manager" [_thread_blocked, id=12492, stack(0x00000000216f0000,0x00000000217f0000)]
  0x000000001d126000 JavaThread "Cache worker for execution history cache (C:\Users\–∞–¥–º–∏–Ω\.gradle\caches\5.6.4\executionHistory)" [_thread_blocked, id=7068, stack(0x000000001ef20000,0x000000001f020000)]
  0x0000000018bfa800 JavaThread "Cache worker for journal cache (C:\Users\–∞–¥–º–∏–Ω\.gradle\caches\journal-1)" [_thread_blocked, id=7268, stack(0x000000001ac00000,0x000000001ad00000)]
  0x0000000018bf9000 JavaThread "File lock request listener" [_thread_in_native, id=8728, stack(0x000000001ab00000,0x000000001ac00000)]
  0x0000000018c21000 JavaThread "Cache worker for file hash cache (C:\Users\–∞–¥–º–∏–Ω\.gradle\caches\5.6.4\fileHashes)" [_thread_blocked, id=3600, stack(0x000000001aa00000,0x000000001ab00000)]
  0x000000001952c000 JavaThread "Daemon periodic checks" [_thread_blocked, id=11708, stack(0x0000000019e00000,0x0000000019f00000)]
  0x000000001867b000 JavaThread "Incoming local TCP Connector on port 65112" [_thread_in_native, id=12252, stack(0x0000000019bb0000,0x0000000019cb0000)]
  0x00000000194a9800 JavaThread "Daemon health stats" [_thread_blocked, id=13200, stack(0x0000000019570000,0x0000000019670000)]
  0x0000000015e9b800 JavaThread "Service Thread" daemon [_thread_blocked, id=12164, stack(0x0000000017ba0000,0x0000000017ca0000)]
  0x0000000015e70800 JavaThread "C1 CompilerThread2" daemon [_thread_blocked, id=10184, stack(0x00000000176a0000,0x00000000177a0000)]
=>0x0000000015e54000 JavaThread "C2 CompilerThread1" daemon [_thread_in_native, id=3928, stack(0x00000000175a0000,0x00000000176a0000)]
  0x0000000015e46000 JavaThread "C2 CompilerThread0" daemon [_thread_in_native, id=5480, stack(0x00000000174a0000,0x00000000175a0000)]
  0x0000000015e44800 JavaThread "Attach Listener" daemon [_thread_blocked, id=13244, stack(0x00000000173a0000,0x00000000174a0000)]
  0x0000000015e41800 JavaThread "Signal Dispatcher" daemon [_thread_blocked, id=5348, stack(0x00000000172a0000,0x00000000173a0000)]
  0x00000000024cc000 JavaThread "Finalizer" daemon [_thread_blocked, id=6112, stack(0x0000000017090000,0x0000000017190000)]
  0x0000000015e29000 JavaThread "Reference Handler" daemon [_thread_blocked, id=13144, stack(0x0000000016f90000,0x0000000017090000)]
  0x000000000227e800 JavaThread "main" [_thread_blocked, id=11244, stack(0x00000000022d0000,0x00000000023d0000)]

Other Threads:
  0x0000000015e06800 VMThread [stack: 0x0000000016e90000,0x0000000016f90000] [id=6884]
  0x0000000015e9e000 WatcherThread [stack: 0x0000000017ca0000,0x0000000017da0000] [id=6148]

VM state:not at safepoint (normal execution)

VM Mutex/Monitor currently owned by a thread: None

heap address: 0x00000000a0000000, size: 1536 MB, Compressed Oops mode: 32-bit
Narrow klass base: 0x0000000000000000, Narrow klass shift: 3
Compressed class space size: 1073741824 Address: 0x0000000100000000

Heap:
 PSYoungGen      total 358912K, used 181041K [0x00000000e0000000, 0x00000000fc200000, 0x0000000100000000)
  eden space 299520K, 44% used [0x00000000e0000000,0x00000000e827f0d0,0x00000000f2480000)
  from space 59392K, 79% used [0x00000000f2480000,0x00000000f52cd398,0x00000000f5e80000)
  to   space 65024K, 0% used [0x00000000f8280000,0x00000000f8280000,0x00000000fc200000)
 ParOldGen       total 254976K, used 145263K [0x00000000a0000000, 0x00000000af900000, 0x00000000e0000000)
  object space 254976K, 56% used [0x00000000a0000000,0x00000000a8ddbd18,0x00000000af900000)
 Metaspace       used 85136K, capacity 88872K, committed 89176K, reserved 1126400K
  class space    used 11305K, capacity 12064K, committed 12160K, reserved 1048576K

Card table byte_map: [0x0000000011890000,0x0000000011ba0000] byte_map_base: 0x0000000011390000

Marking Bits: (ParMarkBitMap*) 0x0000000067369f30
 Begin Bits: [0x00000000121a0000, 0x00000000139a0000)
 End Bits:   [0x00000000139a0000, 0x00000000151a0000)

Polling page: 0x0000000002220000

CodeCache: size=245760Kb used=44261Kb max_used=44261Kb free=201498Kb
 bounds [0x00000000024d0000, 0x0000000005040000, 0x00000000114d0000]
 total_blobs=13939 nmethods=13085 adapters=766
 compilation: enabled

Compilation events (10 events):
Event: 239.618 Thread 0x0000000015e70800 16101       2       com.android.tools.r8.graph.E::g (36 bytes)
Event: 239.619 Thread 0x0000000015e70800 nmethod 16101 0x0000000005039590 code [0x0000000005039700, 0x0000000005039928]
Event: 239.627 Thread 0x0000000015e70800 16107       2       com.android.tools.r8.code.a0::x (8 bytes)
Event: 239.628 Thread 0x0000000015e70800 nmethod 16107 0x00000000050399d0 code [0x0000000005039b20, 0x0000000005039cb0]
Event: 239.629 Thread 0x0000000015e70800 16108       1       com.android.tools.r8.code.e::a (1 bytes)
Event: 239.629 Thread 0x0000000015e70800 nmethod 16108 0x00000000031bd7d0 code [0x00000000031bd920, 0x00000000031bda30]
Event: 239.643 Thread 0x0000000015e70800 16112       2       com.android.tools.r8.graph.E$b::collectIndexedItems (9 bytes)
Event: 239.644 Thread 0x0000000015e70800 nmethod 16112 0x0000000005039d50 code [0x0000000005039ec0, 0x000000000503a0a8]
Event: 239.657 Thread 0x0000000015e70800 16114       2       com.android.tools.r8.code.B3::a (1 bytes)
Event: 239.658 Thread 0x0000000015e70800 nmethod 16114 0x000000000503a1d0 code [0x000000000503a320, 0x000000000503a470]

GC Heap History (10 events):
Event: 54.590 GC heap before
{Heap before GC invocations=19 (full 3):
 PSYoungGen      total 269312K, used 269296K [0x00000000e0000000, 0x00000000f6380000, 0x0000000100000000)
  eden space 247296K, 100% used [0x00000000e0000000,0x00000000ef180000,0x00000000ef180000)
  from space 22016K, 99% used [0x00000000ef180000,0x00000000f06fc0b0,0x00000000f0700000)
  to   space 33792K, 0% used [0x00000000f4280000,0x00000000f4280000,0x00000000f6380000)
 ParOldGen       total 114176K, used 55809K [0x00000000a0000000, 0x00000000a6f80000, 0x00000000e0000000)
  object space 114176K, 48% used [0x00000000a0000000,0x00000000a3680618,0x00000000a6f80000)
 Metaspace       used 74751K, capacity 77862K, committed 78040K, reserved 1116160K
  class space    used 10242K, capacity 10943K, committed 11008K, reserved 1048576K
Event: 54.863 GC heap after
Heap after GC invocations=19 (full 3):
 PSYoungGen      total 300032K, used 33760K [0x00000000e0000000, 0x00000000fc000000, 0x0000000100000000)
  eden space 266240K, 0% used [0x00000000e0000000,0x00000000e0000000,0x00000000f0400000)
  from space 33792K, 99% used [0x00000000f4280000,0x00000000f6378120,0x00000000f6380000)
  to   space 64000K, 0% used [0x00000000f0400000,0x00000000f0400000,0x00000000f4280000)
 ParOldGen       total 121856K, used 121503K [0x00000000a0000000, 0x00000000a7700000, 0x00000000e0000000)
  object space 121856K, 99% used [0x00000000a0000000,0x00000000a76a7e30,0x00000000a7700000)
 Metaspace       used 74751K, capacity 77862K, committed 78040K, reserved 1116160K
  class space    used 10242K, capacity 10943K, committed 11008K, reserved 1048576K
}
Event: 54.863 GC heap before
{Heap before GC invocations=20 (full 4):
 PSYoungGen      total 300032K, used 33760K [0x00000000e0000000, 0x00000000fc000000, 0x0000000100000000)
  eden space 266240K, 0% used [0x00000000e0000000,0x00000000e0000000,0x00000000f0400000)
  from space 33792K, 99% used [0x00000000f4280000,0x00000000f6378120,0x00000000f6380000)
  to   space 64000K, 0% used [0x00000000f0400000,0x00000000f0400000,0x00000000f4280000)
 ParOldGen       total 121856K, used 121503K [0x00000000a0000000, 0x00000000a7700000, 0x00000000e0000000)
  object space 121856K, 99% used [0x00000000a0000000,0x00000000a76a7e30,0x00000000a7700000)
 Metaspace       used 74751K, capacity 77862K, committed 78040K, reserved 1116160K
  class space    used 10242K, capacity 10943K, committed 11008K, reserved 1048576K
Event: 56.491 GC heap after
Heap after GC invocations=20 (full 4):
 PSYoungGen      total 300032K, used 23999K [0x00000000e0000000, 0x00000000fc000000, 0x0000000100000000)
  eden space 266240K, 0% used [0x00000000e0000000,0x00000000e0000000,0x00000000f0400000)
  from space 33792K, 71% used [0x00000000f4280000,0x00000000f59efeb8,0x00000000f6380000)
  to   space 64000K, 0% used [0x00000000f0400000,0x00000000f0400000,0x00000000f4280000)
 ParOldGen       total 254976K, used 121148K [0x00000000a0000000, 0x00000000af900000, 0x00000000e0000000)
  object space 254976K, 47% used [0x00000000a0000000,0x00000000a764f320,0x00000000af900000)
 Metaspace       used 74692K, capacity 77706K, committed 78040K, reserved 1116160K
  class space    used 10223K, capacity 10909K, committed 11008K, reserved 1048576K
}
Event: 102.120 GC heap before
{Heap before GC invocations=21 (full 4):
 PSYoungGen      total 300032K, used 290239K [0x00000000e0000000, 0x00000000fc000000, 0x0000000100000000)
  eden space 266240K, 100% used [0x00000000e0000000,0x00000000f0400000,0x00000000f0400000)
  from space 33792K, 71% used [0x00000000f4280000,0x00000000f59efeb8,0x00000000f6380000)
  to   space 64000K, 0% used [0x00000000f0400000,0x00000000f0400000,0x00000000f4280000)
 ParOldGen       total 254976K, used 121148K [0x00000000a0000000, 0x00000000af900000, 0x00000000e0000000)
  object space 254976K, 47% used [0x00000000a0000000,0x00000000a764f320,0x00000000af900000)
 Metaspace       used 83612K, capacity 86910K, committed 87000K, reserved 1124352K
  class space    used 11248K, capacity 11967K, committed 12032K, reserved 1048576K
Event: 102.322 GC heap after
Heap after GC invocations=21 (full 4):
 PSYoungGen      total 330240K, used 31299K [0x00000000e0000000, 0x00000000fa700000, 0x0000000100000000)
  eden space 266240K, 0% used [0x00000000e0000000,0x00000000e0000000,0x00000000f0400000)
  from space 64000K, 48% used [0x00000000f0400000,0x00000000f2290fd8,0x00000000f4280000)
  to   space 63488K, 0% used [0x00000000f6900000,0x00000000f6900000,0x00000000fa700000)
 ParOldGen       total 254976K, used 145247K [0x00000000a0000000, 0x00000000af900000, 0x00000000e0000000)
  object space 254976K, 56% used [0x00000000a0000000,0x00000000a8dd7d18,0x00000000af900000)
 Metaspace       used 83612K, capacity 86910K, committed 87000K, reserved 1124352K
  class space    used 11248K, capacity 11967K, committed 12032K, reserved 1048576K
}
Event: 192.088 GC heap before
{Heap before GC invocations=22 (full 4):
 PSYoungGen      total 330240K, used 297539K [0x00000000e0000000, 0x00000000fa700000, 0x0000000100000000)
  eden space 266240K, 100% used [0x00000000e0000000,0x00000000f0400000,0x00000000f0400000)
  from space 64000K, 48% used [0x00000000f0400000,0x00000000f2290fd8,0x00000000f4280000)
  to   space 63488K, 0% used [0x00000000f6900000,0x00000000f6900000,0x00000000fa700000)
 ParOldGen       total 254976K, used 145247K [0x00000000a0000000, 0x00000000af900000, 0x00000000e0000000)
  object space 254976K, 56% used [0x00000000a0000000,0x00000000a8dd7d18,0x00000000af900000)
 Metaspace       used 84320K, capacity 87650K, committed 87768K, reserved 1124352K
  class space    used 11266K, capacity 11993K, committed 12032K, reserved 1048576K
Event: 192.146 GC heap after
Heap after GC invocations=22 (full 4):
 PSYoungGen      total 348160K, used 22921K [0x00000000e0000000, 0x00000000f9880000, 0x0000000100000000)
  eden space 299520K, 0% used [0x00000000e0000000,0x00000000e0000000,0x00000000f2480000)
  from space 48640K, 47% used [0x00000000f6900000,0x00000000f7f625a0,0x00000000f9880000)
  to   space 59392K, 0% used [0x00000000f2480000,0x00000000f2480000,0x00000000f5e80000)
 ParOldGen       total 254976K, used 145255K [0x00000000a0000000, 0x00000000af900000, 0x00000000e0000000)
  object space 254976K, 56% used [0x00000000a0000000,0x00000000a8dd9d18,0x00000000af900000)
 Metaspace       used 84320K, capacity 87650K, committed 87768K, reserved 1124352K
  class space    used 11266K, capacity 11993K, committed 12032K, reserved 1048576K
}
Event: 238.626 GC heap before
{Heap before GC invocations=23 (full 4):
 PSYoungGen      total 348160K, used 322441K [0x00000000e0000000, 0x00000000f9880000, 0x0000000100000000)
  eden space 299520K, 100% used [0x00000000e0000000,0x00000000f2480000,0x00000000f2480000)
  from space 48640K, 47% used [0x00000000f6900000,0x00000000f7f625a0,0x00000000f9880000)
  to   space 59392K, 0% used [0x00000000f2480000,0x00000000f2480000,0x00000000f5e80000)
 ParOldGen       total 254976K, used 145255K [0x00000000a0000000, 0x00000000af900000, 0x00000000e0000000)
  object space 254976K, 56% used [0x00000000a0000000,0x00000000a8dd9d18,0x00000000af900000)
 Metaspace       used 85112K, capacity 88808K, committed 88920K, reserved 1126400K
  class space    used 11305K, capacity 12064K, committed 12160K, reserved 1048576K
Event: 238.706 GC heap after
Heap after GC invocations=23 (full 4):
 PSYoungGen      total 358912K, used 47412K [0x00000000e0000000, 0x00000000fc200000, 0x0000000100000000)
  eden space 299520K, 0% used [0x00000000e0000000,0x00000000e0000000,0x00000000f2480000)
  from space 59392K, 79% used [0x00000000f2480000,0x00000000f52cd398,0x00000000f5e80000)
  to   space 65024K, 0% used [0x00000000f8280000,0x00000000f8280000,0x00000000fc200000)
 ParOldGen       total 254976K, used 145263K [0x00000000a0000000, 0x00000000af900000, 0x00000000e0000000)
  object space 254976K, 56% used [0x00000000a0000000,0x00000000a8ddbd18,0x00000000af900000)
 Metaspace       used 85112K, capacity 88808K, committed 88920K, reserved 1126400K
  class space    used 11305K, capacity 12064K, committed 12160K, reserved 1048576K
}

Deoptimization events (10 events):
Event: 237.451 Thread 0x000000001d12a800 Uncommon trap: reason=class_check action=maybe_recompile pc=0x0000000003a794dc method=java.util.stream.Sink$ChainedReference.<init>(Ljava/util/stream/Sink;)V @ 9
Event: 237.452 Thread 0x000000001d12a800 Uncommon trap: reason=class_check action=maybe_recompile pc=0x00000000045f7210 method=java.util.stream.Sink$ChainedReference.<init>(Ljava/util/stream/Sink;)V @ 9
Event: 237.462 Thread 0x000000001d12a800 Uncommon trap: reason=class_check action=maybe_recompile pc=0x000000000463f8c4 method=com.android.tools.r8.dex.m.a(Ljava/util/Collection;ILjava/util/function/Consumer;)V @ 29
Event: 237.462 Thread 0x000000001d12a800 Uncommon trap: reason=class_check action=maybe_recompile pc=0x000000000463f8c4 method=com.android.tools.r8.dex.m.a(Ljava/util/Collection;ILjava/util/function/Consumer;)V @ 29
Event: 237.723 Thread 0x000000001d121800 Uncommon trap: reason=array_check action=maybe_recompile pc=0x000000000468fcd8 method=java.util.ComparableTimSort.reverseRange([Ljava/lang/Object;II)V @ 20
Event: 237.731 Thread 0x000000001d12b800 Uncommon trap: reason=array_check action=maybe_recompile pc=0x000000000468fcd8 method=java.util.ComparableTimSort.reverseRange([Ljava/lang/Object;II)V @ 20
Event: 238.908 Thread 0x000000001d12b800 Uncommon trap: reason=unstable_if action=reinterpret pc=0x00000000043a3748 method=java.util.concurrent.ForkJoinPool.externalPush(Ljava/util/concurrent/ForkJoinTask;)V @ 17
Event: 238.908 Thread 0x000000001d12b800 Uncommon trap: reason=unstable_if action=reinterpret pc=0x00000000043a29cc method=java.util.concurrent.ForkJoinPool.signalWork([Ljava/util/concurrent/ForkJoinPool$WorkQueue;Ljava/util/concurrent/ForkJoinPool$WorkQueue;)V @ 16
Event: 239.165 Thread 0x000000001d12d000 Uncommon trap: reason=unloaded action=reinterpret pc=0x0000000004345c08 method=com.android.tools.r8.code.o1.a(Ljava/nio/ShortBuffer;IILcom/android/tools/r8/graph/F0;)[Lcom/android/tools/r8/code/n1; @ 2850
Event: 239.564 Thread 0x000000001d12b800 Uncommon trap: reason=null_check action=make_not_entrant pc=0x0000000004fc27cc method=com.android.tools.r8.s.a.b.h.a(Ljava/lang/Object;)V @ 71

Classes redefined (0 events):
No events

Internal exceptions (10 events):
Event: 101.537 Thread 0x0000000018d87800 Implicit null exception at 0x000000000277786f to 0x00000000027778f6
Event: 107.756 Thread 0x0000000018d87800 Exception <a 'sun/nio/fs/WindowsException'> (0x00000000e9181910) thrown at [D:\src\AOSP-openjdk-cygwin\jdk8u\hotspot\src\share\vm\prims\jni.cpp, line 710]
Event: 194.210 Thread 0x000000001d127000 Exception <a 'sun/nio/fs/WindowsException'> (0x00000000e3715740) thrown at [D:\src\AOSP-openjdk-cygwin\jdk8u\hotspot\src\share\vm\prims\jni.cpp, line 710]
Event: 237.298 Thread 0x000000001c753800 Implicit null exception at 0x0000000004b77c97 to 0x0000000004b79365
Event: 237.299 Thread 0x000000001d127800 Implicit null exception at 0x0000000004db4af6 to 0x0000000004db6109
Event: 237.363 Thread 0x000000001d12a800 Exception <a 'sun/nio/fs/WindowsException'> (0x00000000ef1fb048) thrown at [D:\src\AOSP-openjdk-cygwin\jdk8u\hotspot\src\share\vm\prims\jni.cpp, line 710]
Event: 237.462 Thread 0x000000001d12a800 Exception <a 'sun/nio/fs/WindowsException'> (0x00000000ef40ec08) thrown at [D:\src\AOSP-openjdk-cygwin\jdk8u\hotspot\src\share\vm\prims\jni.cpp, line 710]
Event: 237.467 Thread 0x000000001d12a800 Exception <a 'sun/nio/fs/WindowsException'> (0x00000000ef41eb98) thrown at [D:\src\AOSP-openjdk-cygwin\jdk8u\hotspot\src\share\vm\prims\jni.cpp, line 710]
Event: 238.557 Thread 0x000000001d12b800 Exception <a 'sun/nio/fs/WindowsException'> (0x00000000f055bbc8) thrown at [D:\src\AOSP-openjdk-cygwin\jdk8u\hotspot\src\share\vm\prims\jni.cpp, line 710]
Event: 238.908 Thread 0x000000001d12b800 Implicit null exception at 0x00000000043a339a to 0x00000000043a372d

Events (10 events):
Event: 239.488 Executing VM operation: RevokeBias done
Event: 239.514 Executing VM operation: RevokeBias
Event: 239.515 Executing VM operation: RevokeBias done
Event: 239.553 Executing VM operation: RevokeBias
Event: 239.553 Executing VM operation: RevokeBias done
Event: 239.564 Thread 0x000000001d12b800 Uncommon trap: trap_request=0xfffffff4 fr.pc=0x0000000004fc27cc
Event: 239.564 Thread 0x000000001d12b800 DEOPT PACKING pc=0x0000000004fc27cc sp=0x000000002570dcb0
Event: 239.564 Thread 0x000000001d12b800 DEOPT UNPACKING pc=0x000000000251557b sp=0x000000002570db70 mode 2
Event: 239.601 Executing VM operation: BulkRevokeBias
Event: 239.604 Executing VM operation: BulkRevokeBias done


Dynamic libraries:
0x00007ff70ad80000 - 0x00007ff70adb1000 	C:\Program Files\Android\Android Studio\jre\bin\java.exe
0x00007ffeecee0000 - 0x00007ffeed0d0000 	C:\WINDOWS\SYSTEM32\ntdll.dll
0x00007ffeeb760000 - 0x00007ffeeb812000 	C:\WINDOWS\System32\KERNEL32.DLL
0x00007ffeea300000 - 0x00007ffeea5a3000 	C:\WINDOWS\System32\KERNELBASE.dll
0x00007ffeebf90000 - 0x00007ffeec033000 	C:\WINDOWS\System32\ADVAPI32.dll
0x00007ffeeb650000 - 0x00007ffeeb6ee000 	C:\WINDOWS\System32\msvcrt.dll
0x00007ffeeb500000 - 0x00007ffeeb597000 	C:\WINDOWS\System32\sechost.dll
0x00007ffeeb230000 - 0x00007ffeeb350000 	C:\WINDOWS\System32\RPCRT4.dll
0x00007ffeebc90000 - 0x00007ffeebe24000 	C:\WINDOWS\System32\USER32.dll
0x00007ffeea1b0000 - 0x00007ffeea1d1000 	C:\WINDOWS\System32\win32u.dll
0x00007ffeece40000 - 0x00007ffeece66000 	C:\WINDOWS\System32\GDI32.dll
0x00007ffee9ec0000 - 0x00007ffeea054000 	C:\WINDOWS\System32\gdi32full.dll
0x00007ffeea1e0000 - 0x00007ffeea27e000 	C:\WINDOWS\System32\msvcp_win.dll
0x00007ffeea0b0000 - 0x00007ffeea1aa000 	C:\WINDOWS\System32\ucrtbase.dll
0x00007ffec57b0000 - 0x00007ffec5a35000 	C:\WINDOWS\WinSxS\amd64_microsoft.windows.common-controls_6595b64144ccf1df_6.0.18362.720_none_e6beb5c51314836b\COMCTL32.dll
0x00007ffeec8f0000 - 0x00007ffeecc26000 	C:\WINDOWS\System32\combase.dll
0x00007ffeea280000 - 0x00007ffeea300000 	C:\WINDOWS\System32\bcryptPrimitives.dll
0x00007ffeeb060000 - 0x00007ffeeb08e000 	C:\WINDOWS\System32\IMM32.DLL
0x00000000685d0000 - 0x00000000686a2000 	C:\Program Files\Android\Android Studio\jre\jre\bin\msvcr100.dll
0x0000000066ba0000 - 0x00000000673e6000 	C:\Program Files\Android\Android Studio\jre\jre\bin\server\jvm.dll
0x00007ffeeb350000 - 0x00007ffeeb358000 	C:\WINDOWS\System32\PSAPI.DLL
0x00007ffee7850000 - 0x00007ffee7874000 	C:\WINDOWS\SYSTEM32\WINMM.dll
0x00007ffee0c60000 - 0x00007ffee0c69000 	C:\WINDOWS\SYSTEM32\WSOCK32.dll
0x00007ffee19c0000 - 0x00007ffee19ca000 	C:\WINDOWS\SYSTEM32\VERSION.dll
0x00007ffeeb6f0000 - 0x00007ffeeb75f000 	C:\WINDOWS\System32\WS2_32.dll
0x00007ffee7820000 - 0x00007ffee784d000 	C:\WINDOWS\SYSTEM32\WINMMBASE.dll
0x00007ffeea610000 - 0x00007ffeea65a000 	C:\WINDOWS\System32\cfgmgr32.dll
0x00007ffee04c0000 - 0x00007ffee04cf000 	C:\Program Files\Android\Android Studio\jre\jre\bin\verify.dll
0x00007ffedc940000 - 0x00007ffedc969000 	C:\Program Files\Android\Android Studio\jre\jre\bin\java.dll
0x00007ffedd520000 - 0x00007ffedd536000 	C:\Program Files\Android\Android Studio\jre\jre\bin\zip.dll
0x00007ffeec0b0000 - 0x00007ffeec795000 	C:\WINDOWS\System32\SHELL32.dll
0x00007ffeeb5a0000 - 0x00007ffeeb649000 	C:\WINDOWS\System32\shcore.dll
0x00007ffeea710000 - 0x00007ffeeae90000 	C:\WINDOWS\System32\windows.storage.dll
0x00007ffee9e40000 - 0x00007ffee9e63000 	C:\WINDOWS\System32\profapi.dll
0x00007ffee9e70000 - 0x00007ffee9eba000 	C:\WINDOWS\System32\powrprof.dll
0x00007ffee9df0000 - 0x00007ffee9e00000 	C:\WINDOWS\System32\UMPDC.dll
0x00007ffeeb000000 - 0x00007ffeeb052000 	C:\WINDOWS\System32\shlwapi.dll
0x00007ffee9e00000 - 0x00007ffee9e11000 	C:\WINDOWS\System32\kernel.appcore.dll
0x00007ffeea090000 - 0x00007ffeea0a7000 	C:\WINDOWS\System32\cryptsp.dll
0x00007ffedc840000 - 0x00007ffedc85a000 	C:\Program Files\Android\Android Studio\jre\jre\bin\net.dll
0x00007ffedf660000 - 0x00007ffedf835000 	C:\WINDOWS\SYSTEM32\urlmon.dll
0x00007ffedfb40000 - 0x00007ffedfde6000 	C:\WINDOWS\SYSTEM32\iertutil.dll
0x00007ffee9830000 - 0x00007ffee983c000 	C:\WINDOWS\SYSTEM32\CRYPTBASE.DLL
0x00007ffee9660000 - 0x00007ffee96c7000 	C:\WINDOWS\system32\mswsock.dll
0x00007ffedc760000 - 0x00007ffedc773000 	C:\Program Files\Android\Android Studio\jre\jre\bin\nio.dll
0x00007ffed2c90000 - 0x00007ffed2cb6000 	C:\Users\‡‰ÏËÌ\.gradle\native\30\windows-amd64\native-platform.dll
0x00007ffedc930000 - 0x00007ffedc93d000 	C:\Program Files\Android\Android Studio\jre\jre\bin\management.dll
0x00007ffee9170000 - 0x00007ffee91a3000 	C:\WINDOWS\system32\rsaenh.dll
0x00007ffeea060000 - 0x00007ffeea086000 	C:\WINDOWS\System32\bcrypt.dll
0x00007ffee9ce0000 - 0x00007ffee9d05000 	C:\WINDOWS\SYSTEM32\USERENV.dll
0x00007ffee9370000 - 0x00007ffee93aa000 	C:\WINDOWS\SYSTEM32\IPHLPAPI.DLL
0x00007ffeec8e0000 - 0x00007ffeec8e8000 	C:\WINDOWS\System32\NSI.dll
0x00007ffedf5a0000 - 0x00007ffedf5b6000 	C:\WINDOWS\SYSTEM32\dhcpcsvc6.DLL
0x00007ffee1870000 - 0x00007ffee188c000 	C:\WINDOWS\SYSTEM32\dhcpcsvc.DLL
0x00007ffee93b0000 - 0x00007ffee947a000 	C:\WINDOWS\SYSTEM32\DNSAPI.dll

VM Arguments:
jvm_args: -Xmx1536m -Dfile.encoding=windows-1251 -Duser.country=RU -Duser.language=ru -Duser.variant 
java_command: org.gradle.launcher.daemon.bootstrap.GradleDaemon 5.6.4
java_class_path (initial): C:\Users\‡‰ÏËÌ\.gradle\wrapper\dists\gradle-5.6.4-all\ankdp27end7byghfw1q2sw75f\gradle-5.6.4\lib\gradle-launcher-5.6.4.jar
Launcher Type: SUN_STANDARD

Environment Variables:
PATH=C:\Program Files\Microsoft MPI\Bin\;C:\Program Files (x86)\PC Connectivity Solution\;C:\WINDOWS\system32;C:\WINDOWS;C:\WINDOWS\System32\Wbem;C:\WINDOWS\System32\WindowsPowerShell\v1.0\;C:\Program Files (x86)\AMD\ATI.ACE\Core-Static;C:\Program Files\Java\jdk-12.0.2\bin;C:\WINDOWS\System32\OpenSSH\;C:\Program Files\Microsoft SQL Server\Client SDK\ODBC\130\Tools\Binn\;C:\Program Files (x86)\Microsoft SQL Server\130\Tools\Binn\;C:\Program Files\Microsoft SQL Server\130\Tools\Binn\;C:\Program Files\Microsoft SQL Server\130\DTS\Binn\;C:\Program Files (x86)\Microsoft SQL Server\140\Tools\Binn\;C:\Program Files\Microsoft SQL Server\140\Tools\Binn\;C:\Program Files (x86)\Microsoft SQL Server\140\DTS\Binn\;C:\Program Files\Microsoft SQL Server\140\DTS\Binn\;C:\Program Files (x86)\Microsoft SQL Server\150\DTS\Binn\;C:\Users\‡‰ÏËÌ\AppData\Local\Microsoft\WindowsApps;C:\adb;C:\Program Files\Git\cmd;C:\Users\‡‰ÏËÌ\AppData\Local\Microsoft\WindowsApps;
USERNAME=‡‰ÏËÌ
OS=Windows_NT
PROCESSOR_IDENTIFIER=AMD64 Family 21 Model 101 Stepping 1, AuthenticAMD



---------------  S Y S T E M  ---------------

OS: Windows 10.0 , 64 bit Build 18362 (10.0.18362.329)

CPU:total 4 (initial active 4) (4 cores per cpu, 1 threads per core) family 21 model 101 stepping 1, cmov, cx8, fxsr, mmx, sse, sse2, sse3, ssse3, sse4.1, sse4.2, popcnt, avx, avx2, aes, clmul, mmxext, 3dnowpref, lzcnt, sse4a, tsc, tscinvbit, tscinv, bmi1

Memory: 4k page, physical 7503772k(603808k free), swap 9568156k(5644k free)

vm_info: OpenJDK 64-Bit Server VM (25.212-b04) for windows-amd64 JRE (1.8.0_212-release-1586-b04), built by "builder" with MS VC++ 10.0 (VS2010)

time: Wed Apr 15 17:04:47 2020
timezone: ¡‡„‰‡‰ÒÍÓÂ ‚ÂÏˇ (ÁËÏ‡)
elapsed time: 239 seconds (0d 0h 3m 59s)

