#
# There is insufficient memory for the Java Runtime Environment to continue.
# Native memory allocation (malloc) failed to allocate 981936 bytes for Chunk::new
# Possible reasons:
#   The system is out of physical RAM or swap space
#   The process is running with CompressedOops enabled, and the Java Heap may be blocking the growth of the native heap
# Possible solutions:
#   Reduce memory load on the system
#   Increase physical memory or swap space
#   Check if swap backing store is full
#   Decrease Java heap size (-Xmx/-Xms)
#   Decrease number of Java threads
#   Decrease Java thread stack sizes (-Xss)
#   Set larger code cache with -XX:ReservedCodeCacheSize=
#   JVM is running with Unscaled Compressed Oops mode in which the Java heap is
#     placed in the first 4GB address space. The Java Heap base address is the
#     maximum limit for the native heap growth. Please use -XX:HeapBaseMinAddress
#     to set the Java Heap base and to place the Java Heap above 4GB virtual address.
# This output file may be truncated or incomplete.
#
#  Out of Memory Error (allocation.cpp:389), pid=13228, tid=0x00000000000027ec
#
# JRE version: OpenJDK Runtime Environment (8.0_212-b04) (build 1.8.0_212-release-1586-b04)
# Java VM: OpenJDK 64-Bit Server VM (25.212-b04 mixed mode windows-amd64 compressed oops)
# Failed to write core dump. Minidumps are not enabled by default on client versions of Windows
#

---------------  T H R E A D  ---------------

Current thread (0x000000001682a800):  JavaThread "C2 CompilerThread1" daemon [_thread_in_native, id=10220, stack(0x0000000017f80000,0x0000000018080000)]

Stack: [0x0000000017f80000,0x0000000018080000]
[error occurred during error reporting (printing stack bounds), id 0xc0000005]

Native frames: (J=compiled Java code, j=interpreted, Vv=VM code, C=native code)


Current CompileTask:
C2: 109710 12651       4       com.android.tools.r8.graph.ObjectToOffsetMapping$$Lambda$538/29439387::compare (16 bytes)


---------------  P R O C E S S  ---------------

Java Threads: ( => current thread )
  0x000000001d3a6800 JavaThread "ForkJoinPool-2-worker-0" daemon [_thread_in_Java, id=11208, stack(0x0000000024db0000,0x0000000024eb0000)]
  0x000000001d3a5000 JavaThread "ForkJoinPool-2-worker-3" daemon [_thread_blocked, id=11132, stack(0x0000000024cb0000,0x0000000024db0000)]
  0x000000001d39d800 JavaThread "ForkJoinPool-2-worker-2" daemon [_thread_blocked, id=7604, stack(0x0000000024bb0000,0x0000000024cb0000)]
  0x000000001d3a1000 JavaThread "ForkJoinPool-2-worker-1" daemon [_thread_blocked, id=6316, stack(0x0000000023240000,0x0000000023340000)]
  0x000000001d3a4800 JavaThread "WorkerExecutor Queue Thread 5" [_thread_blocked, id=7348, stack(0x000000001afe0000,0x000000001b0e0000)]
  0x000000001d3a3000 JavaThread "WorkerExecutor Queue Thread 4" [_thread_blocked, id=9972, stack(0x0000000001260000,0x0000000001360000)]
  0x000000001d3a0800 JavaThread "Cache worker for Java compile cache (C:\Java\Diplom3\Diplom\.gradle\5.4.1\javaCompile)" [_thread_blocked, id=5992, stack(0x0000000001160000,0x0000000001260000)]
  0x000000001d3a3800 JavaThread "Cache worker for Java compile cache (C:\Users\–∞–¥–º–∏–Ω\.gradle\caches\5.4.1\javaCompile)" [_thread_blocked, id=10924, stack(0x0000000001060000,0x0000000001160000)]
  0x000000001d3a6000 JavaThread "WorkerExecutor Queue Thread 3" [_thread_blocked, id=9476, stack(0x0000000023940000,0x0000000023a40000)]
  0x000000001d39c800 JavaThread "stdout" [_thread_in_native, id=11688, stack(0x0000000023840000,0x0000000023940000)]
  0x000000001d39f000 JavaThread "stderr" [_thread_in_native, id=6244, stack(0x0000000023740000,0x0000000023840000)]
  0x000000001d39c000 JavaThread "stdout" [_thread_in_native, id=12384, stack(0x0000000023640000,0x0000000023740000)]
  0x000000001d39b000 JavaThread "stderr" [_thread_in_native, id=2412, stack(0x0000000023540000,0x0000000023640000)]
  0x000000001d39a800 JavaThread "pool-2-thread-1" [_thread_blocked, id=11880, stack(0x0000000023440000,0x0000000023540000)]
  0x000000001d399000 JavaThread "WorkerExecutor Queue Thread 2" [_thread_blocked, id=13184, stack(0x0000000023340000,0x0000000023440000)]
  0x0000000016867000 JavaThread "Cache worker for execution history cache (C:\Java\Diplom3\Diplom\.gradle\5.4.1\executionHistory)" [_thread_blocked, id=7992, stack(0x0000000022f40000,0x0000000023040000)]
  0x0000000016868000 JavaThread "Execution worker for ':' Thread 3" [_thread_blocked, id=11644, stack(0x0000000022e40000,0x0000000022f40000)]
  0x0000000016868800 JavaThread "Execution worker for ':' Thread 2" [_thread_blocked, id=10780, stack(0x0000000022d40000,0x0000000022e40000)]
  0x0000000016865000 JavaThread "Execution worker for ':'" [_thread_blocked, id=12276, stack(0x0000000022c40000,0x0000000022d40000)]
  0x0000000016864000 JavaThread "Cache worker for file content cache (C:\Java\Diplom3\Diplom\.gradle\5.4.1\fileContent)" [_thread_blocked, id=12664, stack(0x0000000022280000,0x0000000022380000)]
  0x000000001685c800 JavaThread "Cache worker for file content cache (C:\Users\–∞–¥–º–∏–Ω\.gradle\caches\5.4.1\fileContent)" [_thread_blocked, id=4560, stack(0x0000000022180000,0x0000000022280000)]
  0x0000000016863000 JavaThread "Memory manager" [_thread_blocked, id=10616, stack(0x0000000022080000,0x0000000022180000)]
  0x0000000016861800 JavaThread "Cache worker for Build Output Cleanup Cache (C:\Java\Diplom3\Diplom\.gradle\buildOutputCleanup)" [_thread_blocked, id=6568, stack(0x00000000205b0000,0x00000000206b0000)]
  0x0000000016861000 JavaThread "Build operations Thread 4" [_thread_blocked, id=3768, stack(0x000000001feb0000,0x000000001ffb0000)]
  0x000000001685d000 JavaThread "Build operations Thread 3" [_thread_blocked, id=10252, stack(0x000000001fdb0000,0x000000001feb0000)]
  0x0000000016862800 JavaThread "Build operations Thread 2" [_thread_blocked, id=11624, stack(0x000000001fcb0000,0x000000001fdb0000)]
  0x000000001685a000 JavaThread "Build operations" [_thread_blocked, id=7308, stack(0x000000001fbb0000,0x000000001fcb0000)]
  0x0000000016860000 JavaThread "Cache worker for execution history cache (C:\Users\–∞–¥–º–∏–Ω\.gradle\caches\5.4.1\executionHistory)" [_thread_blocked, id=9752, stack(0x000000001f8b0000,0x000000001f9b0000)]
  0x000000001685f800 JavaThread "Cache worker for cache directory md-rule (C:\Users\–∞–¥–º–∏–Ω\.gradle\caches\5.4.1\md-rule)" [_thread_blocked, id=9940, stack(0x000000001e7e0000,0x000000001e8e0000)]
  0x000000001685e800 JavaThread "Cache worker for cache directory md-supplier (C:\Users\–∞–¥–º–∏–Ω\.gradle\caches\5.4.1\md-supplier)" [_thread_blocked, id=6216, stack(0x000000001e6e0000,0x000000001e7e0000)]
  0x0000000019115800 JavaThread "Cache worker for file hash cache (C:\Java\Diplom3\Diplom\.gradle\5.4.1\fileHashes)" [_thread_blocked, id=9284, stack(0x000000001d780000,0x000000001d880000)]
  0x0000000019113000 JavaThread "Cache worker for journal cache (C:\Users\–∞–¥–º–∏–Ω\.gradle\caches\journal-1)" [_thread_blocked, id=1812, stack(0x000000001b3e0000,0x000000001b4e0000)]
  0x0000000019114000 JavaThread "File lock request listener" [_thread_in_native, id=3480, stack(0x000000001b2e0000,0x000000001b3e0000)]
  0x0000000019a0e000 JavaThread "Cache worker for file hash cache (C:\Users\–∞–¥–º–∏–Ω\.gradle\caches\5.4.1\fileHashes)" [_thread_blocked, id=11396, stack(0x000000001b1e0000,0x000000001b2e0000)]
  0x000000001838d000 JavaThread "Thread-9" [_thread_blocked, id=7576, stack(0x000000001b0e0000,0x000000001b1e0000)]
  0x0000000018389800 JavaThread "Asynchronous log dispatcher for DefaultDaemonConnection: socket connection from /127.0.0.1:57625 to /127.0.0.1:57626" [_thread_blocked, id=132, stack(0x000000001aee0000,0x000000001afe0000)]
  0x0000000018386800 JavaThread "Daemon worker" [_thread_blocked, id=5304, stack(0x000000001ade0000,0x000000001aee0000)]
  0x000000001838f000 JavaThread "Cancel handler" [_thread_blocked, id=7212, stack(0x000000001ace0000,0x000000001ade0000)]
  0x00000000184fc000 JavaThread "Handler for socket connection from /127.0.0.1:57625 to /127.0.0.1:57626" [_thread_in_native, id=11420, stack(0x000000001a9e0000,0x000000001aae0000)]
  0x00000000184fb000 JavaThread "Daemon" [_thread_blocked, id=7556, stack(0x000000001a8e0000,0x000000001a9e0000)]
  0x00000000196dd800 JavaThread "Daemon periodic checks" [_thread_blocked, id=7276, stack(0x000000001a7e0000,0x000000001a8e0000)]
  0x00000000196dc800 JavaThread "Incoming local TCP Connector on port 57625" [_thread_in_native, id=9296, stack(0x000000001a590000,0x000000001a690000)]
  0x0000000019536000 JavaThread "Daemon health stats" [_thread_blocked, id=3936, stack(0x0000000019f50000,0x000000001a050000)]
  0x00000000181b0800 JavaThread "Service Thread" daemon [_thread_blocked, id=2576, stack(0x0000000018580000,0x0000000018680000)]
  0x000000001682f000 JavaThread "C1 CompilerThread2" daemon [_thread_blocked, id=5668, stack(0x0000000018080000,0x0000000018180000)]
=>0x000000001682a800 JavaThread "C2 CompilerThread1" daemon [_thread_in_native, id=10220, stack(0x0000000017f80000,0x0000000018080000)]
  0x0000000016827000 JavaThread "C2 CompilerThread0" daemon [_thread_in_native, id=9348, stack(0x0000000017e80000,0x0000000017f80000)]
  0x0000000016823000 JavaThread "Attach Listener" daemon [_thread_blocked, id=12516, stack(0x0000000017d80000,0x0000000017e80000)]
  0x0000000016822000 JavaThread "Signal Dispatcher" daemon [_thread_blocked, id=9692, stack(0x0000000017c80000,0x0000000017d80000)]
  0x0000000002eac000 JavaThread "Finalizer" daemon [_thread_blocked, id=7120, stack(0x0000000017a70000,0x0000000017b70000)]
  0x0000000016809000 JavaThread "Reference Handler" daemon [_thread_blocked, id=2176, stack(0x0000000017970000,0x0000000017a70000)]
  0x0000000002bee000 JavaThread "main" [_thread_blocked, id=2748, stack(0x0000000002cb0000,0x0000000002db0000)]

Other Threads:
  0x00000000167e6000 VMThread [stack: 0x0000000017870000,0x0000000017970000] [id=9368]
  0x0000000016857000 WatcherThread [stack: 0x0000000018680000,0x0000000018780000] [id=10868]

VM state:not at safepoint (normal execution)

VM Mutex/Monitor currently owned by a thread: None

heap address: 0x00000000a0000000, size: 1536 MB, Compressed Oops mode: 32-bit
Narrow klass base: 0x0000000000000000, Narrow klass shift: 3
Compressed class space size: 1073741824 Address: 0x0000000100000000

Heap:
 PSYoungGen      total 142848K, used 49872K [0x00000000e0000000, 0x00000000edc80000, 0x0000000100000000)
  eden space 112128K, 17% used [0x00000000e0000000,0x00000000e12bbf60,0x00000000e6d80000)
  from space 30720K, 99% used [0x00000000e6d80000,0x00000000e8b78488,0x00000000e8b80000)
  to   space 43008K, 0% used [0x00000000eb280000,0x00000000eb280000,0x00000000edc80000)
 ParOldGen       total 116736K, used 74778K [0x00000000a0000000, 0x00000000a7200000, 0x00000000e0000000)
  object space 116736K, 64% used [0x00000000a0000000,0x00000000a4906a40,0x00000000a7200000)
 Metaspace       used 76907K, capacity 79812K, committed 80152K, reserved 1118208K
  class space    used 10310K, capacity 10937K, committed 11048K, reserved 1048576K

Card table byte_map: [0x0000000012270000,0x0000000012580000] byte_map_base: 0x0000000011d70000

Marking Bits: (ParMarkBitMap*) 0x000000005ff29f30
 Begin Bits: [0x0000000012b80000, 0x0000000014380000)
 End Bits:   [0x0000000014380000, 0x0000000015b80000)

Polling page: 0x0000000000f40000

CodeCache: size=245760Kb used=35040Kb max_used=35053Kb free=210719Kb
 bounds [0x0000000002eb0000, 0x0000000005150000, 0x0000000011eb0000]
 total_blobs=11542 nmethods=10696 adapters=759
 compilation: enabled

Compilation events (10 events):
Event: 109.604 Thread 0x0000000016827000 nmethod 12656% 0x0000000003a67a90 code [0x0000000003a67c00, 0x0000000003a68018]
Event: 109.604 Thread 0x0000000016827000 12657       4       com.android.tools.r8.graph.DexMethod::compareTo (9 bytes)
Event: 109.605 Thread 0x0000000016827000 nmethod 12657 0x00000000050fa150 code [0x00000000050fa2a0, 0x00000000050fa358]
Event: 109.641 Thread 0x0000000016827000 12658 %     4       java.util.stream.SortedOps$SizedRefSortingSink::end @ 39 (129 bytes)
Event: 109.648 Thread 0x0000000016827000 nmethod 12658% 0x0000000003a67010 code [0x0000000003a671a0, 0x0000000003a67538]
Event: 109.652 Thread 0x0000000016827000 12659       4       java.util.IdentityHashMap$KeySpliterator::forEachRemaining (112 bytes)
Event: 109.654 Thread 0x000000001682f000 12660       3       java.util.TimSort::mergeLo (659 bytes)
Event: 109.657 Thread 0x000000001682f000 nmethod 12660 0x000000000491ea10 code [0x000000000491ed40, 0x0000000004920ed8]
Event: 109.659 Thread 0x0000000016827000 nmethod 12659 0x0000000003a63910 code [0x0000000003a63a60, 0x0000000003a63d98]
Event: 109.665 Thread 0x0000000016827000 12661       4       java.util.TimSort::mergeLo (659 bytes)

GC Heap History (10 events):
Event: 40.744 GC heap before
{Heap before GC invocations=20 (full 3):
 PSYoungGen      total 112640K, used 95232K [0x00000000e0000000, 0x00000000e9600000, 0x0000000100000000)
  eden space 95232K, 100% used [0x00000000e0000000,0x00000000e5d00000,0x00000000e5d00000)
  from space 17408K, 0% used [0x00000000e6f00000,0x00000000e6f00000,0x00000000e8000000)
  to   space 18432K, 0% used [0x00000000e5d00000,0x00000000e5d00000,0x00000000e6f00000)
 ParOldGen       total 116736K, used 28983K [0x00000000a0000000, 0x00000000a7200000, 0x00000000e0000000)
  object space 116736K, 24% used [0x00000000a0000000,0x00000000a1c4dec0,0x00000000a7200000)
 Metaspace       used 59819K, capacity 61722K, committed 61848K, reserved 1101824K
  class space    used 8112K, capacity 8568K, committed 8616K, reserved 1048576K
Event: 40.781 GC heap after
Heap after GC invocations=20 (full 3):
 PSYoungGen      total 113664K, used 8647K [0x00000000e0000000, 0x00000000e9d00000, 0x0000000100000000)
  eden space 95232K, 0% used [0x00000000e0000000,0x00000000e0000000,0x00000000e5d00000)
  from space 18432K, 46% used [0x00000000e5d00000,0x00000000e6571d58,0x00000000e6f00000)
  to   space 17920K, 0% used [0x00000000e8b80000,0x00000000e8b80000,0x00000000e9d00000)
 ParOldGen       total 116736K, used 28991K [0x00000000a0000000, 0x00000000a7200000, 0x00000000e0000000)
  object space 116736K, 24% used [0x00000000a0000000,0x00000000a1c4fec0,0x00000000a7200000)
 Metaspace       used 59819K, capacity 61722K, committed 61848K, reserved 1101824K
  class space    used 8112K, capacity 8568K, committed 8616K, reserved 1048576K
}
Event: 78.020 GC heap before
{Heap before GC invocations=21 (full 3):
 PSYoungGen      total 113664K, used 103879K [0x00000000e0000000, 0x00000000e9d00000, 0x0000000100000000)
  eden space 95232K, 100% used [0x00000000e0000000,0x00000000e5d00000,0x00000000e5d00000)
  from space 18432K, 46% used [0x00000000e5d00000,0x00000000e6571d58,0x00000000e6f00000)
  to   space 17920K, 0% used [0x00000000e8b80000,0x00000000e8b80000,0x00000000e9d00000)
 ParOldGen       total 116736K, used 28991K [0x00000000a0000000, 0x00000000a7200000, 0x00000000e0000000)
  object space 116736K, 24% used [0x00000000a0000000,0x00000000a1c4fec0,0x00000000a7200000)
 Metaspace       used 62537K, capacity 64612K, committed 64792K, reserved 1105920K
  class space    used 8428K, capacity 8957K, committed 9000K, reserved 1048576K
Event: 78.073 GC heap after
Heap after GC invocations=21 (full 3):
 PSYoungGen      total 139776K, used 13470K [0x00000000e0000000, 0x00000000e9c00000, 0x0000000100000000)
  eden space 122880K, 0% used [0x00000000e0000000,0x00000000e0000000,0x00000000e7800000)
  from space 16896K, 79% used [0x00000000e8b80000,0x00000000e98a7800,0x00000000e9c00000)
  to   space 18432K, 0% used [0x00000000e7800000,0x00000000e7800000,0x00000000e8a00000)
 ParOldGen       total 116736K, used 28999K [0x00000000a0000000, 0x00000000a7200000, 0x00000000e0000000)
  object space 116736K, 24% used [0x00000000a0000000,0x00000000a1c51ec0,0x00000000a7200000)
 Metaspace       used 62537K, capacity 64612K, committed 64792K, reserved 1105920K
  class space    used 8428K, capacity 8957K, committed 9000K, reserved 1048576K
}
Event: 88.585 GC heap before
{Heap before GC invocations=22 (full 3):
 PSYoungGen      total 139776K, used 136350K [0x00000000e0000000, 0x00000000e9c00000, 0x0000000100000000)
  eden space 122880K, 100% used [0x00000000e0000000,0x00000000e7800000,0x00000000e7800000)
  from space 16896K, 79% used [0x00000000e8b80000,0x00000000e98a7800,0x00000000e9c00000)
  to   space 18432K, 0% used [0x00000000e7800000,0x00000000e7800000,0x00000000e8a00000)
 ParOldGen       total 116736K, used 28999K [0x00000000a0000000, 0x00000000a7200000, 0x00000000e0000000)
  object space 116736K, 24% used [0x00000000a0000000,0x00000000a1c51ec0,0x00000000a7200000)
 Metaspace       used 67450K, capacity 69600K, committed 69656K, reserved 1110016K
  class space    used 9007K, capacity 9507K, committed 9512K, reserved 1048576K
Event: 88.646 GC heap after
Heap after GC invocations=22 (full 3):
 PSYoungGen      total 141312K, used 18428K [0x00000000e0000000, 0x00000000e9c00000, 0x0000000100000000)
  eden space 122880K, 0% used [0x00000000e0000000,0x00000000e0000000,0x00000000e7800000)
  from space 18432K, 99% used [0x00000000e7800000,0x00000000e89ff060,0x00000000e8a00000)
  to   space 16896K, 0% used [0x00000000e8b80000,0x00000000e8b80000,0x00000000e9c00000)
 ParOldGen       total 116736K, used 40953K [0x00000000a0000000, 0x00000000a7200000, 0x00000000e0000000)
  object space 116736K, 35% used [0x00000000a0000000,0x00000000a27fe530,0x00000000a7200000)
 Metaspace       used 67450K, capacity 69600K, committed 69656K, reserved 1110016K
  class space    used 9007K, capacity 9507K, committed 9512K, reserved 1048576K
}
Event: 99.868 GC heap before
{Heap before GC invocations=23 (full 3):
 PSYoungGen      total 141312K, used 141130K [0x00000000e0000000, 0x00000000e9c00000, 0x0000000100000000)
  eden space 122880K, 99% used [0x00000000e0000000,0x00000000e77d37c8,0x00000000e7800000)
  from space 18432K, 99% used [0x00000000e7800000,0x00000000e89ff060,0x00000000e8a00000)
  to   space 16896K, 0% used [0x00000000e8b80000,0x00000000e8b80000,0x00000000e9c00000)
 ParOldGen       total 116736K, used 40953K [0x00000000a0000000, 0x00000000a7200000, 0x00000000e0000000)
  object space 116736K, 35% used [0x00000000a0000000,0x00000000a27fe530,0x00000000a7200000)
 Metaspace       used 75691K, capacity 78452K, committed 78616K, reserved 1118208K
  class space    used 10143K, capacity 10737K, committed 10792K, reserved 1048576K
Event: 99.939 GC heap after
Heap after GC invocations=23 (full 3):
 PSYoungGen      total 129024K, used 16882K [0x00000000e0000000, 0x00000000ed180000, 0x0000000100000000)
  eden space 112128K, 0% used [0x00000000e0000000,0x00000000e0000000,0x00000000e6d80000)
  from space 16896K, 99% used [0x00000000e8b80000,0x00000000e9bfc8c8,0x00000000e9c00000)
  to   space 30720K, 0% used [0x00000000e6d80000,0x00000000e6d80000,0x00000000e8b80000)
 ParOldGen       total 116736K, used 53248K [0x00000000a0000000, 0x00000000a7200000, 0x00000000e0000000)
  object space 116736K, 45% used [0x00000000a0000000,0x00000000a3400318,0x00000000a7200000)
 Metaspace       used 75691K, capacity 78452K, committed 78616K, reserved 1118208K
  class space    used 10143K, capacity 10737K, committed 10792K, reserved 1048576K
}
Event: 108.842 GC heap before
{Heap before GC invocations=24 (full 3):
 PSYoungGen      total 129024K, used 129010K [0x00000000e0000000, 0x00000000ed180000, 0x0000000100000000)
  eden space 112128K, 100% used [0x00000000e0000000,0x00000000e6d80000,0x00000000e6d80000)
  from space 16896K, 99% used [0x00000000e8b80000,0x00000000e9bfc8c8,0x00000000e9c00000)
  to   space 30720K, 0% used [0x00000000e6d80000,0x00000000e6d80000,0x00000000e8b80000)
 ParOldGen       total 116736K, used 53248K [0x00000000a0000000, 0x00000000a7200000, 0x00000000e0000000)
  object space 116736K, 45% used [0x00000000a0000000,0x00000000a3400318,0x00000000a7200000)
 Metaspace       used 76843K, capacity 79806K, committed 80152K, reserved 1118208K
  class space    used 10307K, capacity 10936K, committed 11048K, reserved 1048576K
Event: 109.090 GC heap after
Heap after GC invocations=24 (full 3):
 PSYoungGen      total 142848K, used 30689K [0x00000000e0000000, 0x00000000edc80000, 0x0000000100000000)
  eden space 112128K, 0% used [0x00000000e0000000,0x00000000e0000000,0x00000000e6d80000)
  from space 30720K, 99% used [0x00000000e6d80000,0x00000000e8b78488,0x00000000e8b80000)
  to   space 43008K, 0% used [0x00000000eb280000,0x00000000eb280000,0x00000000edc80000)
 ParOldGen       total 116736K, used 74778K [0x00000000a0000000, 0x00000000a7200000, 0x00000000e0000000)
  object space 116736K, 64% used [0x00000000a0000000,0x00000000a4906a40,0x00000000a7200000)
 Metaspace       used 76843K, capacity 79806K, committed 80152K, reserved 1118208K
  class space    used 10307K, capacity 10936K, committed 11048K, reserved 1048576K
}

Deoptimization events (10 events):
Event: 107.772 Thread 0x000000001d3a3000 Uncommon trap: reason=unstable_if action=reinterpret pc=0x0000000004f0c344 method=com.android.tools.r8.graph.DexString.slowCompareTo(Lcom/android/tools/r8/graph/DexString;)I @ 57
Event: 108.425 Thread 0x000000001d3a3000 Uncommon trap: reason=array_check action=maybe_recompile pc=0x0000000004f2c914 method=java.util.TimSort.reverseRange([Ljava/lang/Object;II)V @ 20
Event: 108.426 Thread 0x000000001d3a3000 Uncommon trap: reason=array_check action=maybe_recompile pc=0x0000000004f2c914 method=java.util.TimSort.reverseRange([Ljava/lang/Object;II)V @ 20
Event: 108.608 Thread 0x000000001d3a3000 Uncommon trap: reason=array_check action=maybe_recompile pc=0x00000000048e2e00 method=java.util.TimSort.reverseRange([Ljava/lang/Object;II)V @ 27
Event: 108.608 Thread 0x000000001d3a3000 Uncommon trap: reason=array_check action=maybe_recompile pc=0x00000000048e2e00 method=java.util.TimSort.reverseRange([Ljava/lang/Object;II)V @ 27
Event: 109.105 Thread 0x000000001d3a3000 Uncommon trap: reason=class_check action=maybe_recompile pc=0x000000000480d3c8 method=java.util.stream.Sink$ChainedReference.<init>(Ljava/util/stream/Sink;)V @ 9
Event: 109.105 Thread 0x000000001d3a3000 Uncommon trap: reason=class_check action=maybe_recompile pc=0x000000000480d3c8 method=java.util.stream.Sink$ChainedReference.<init>(Ljava/util/stream/Sink;)V @ 9
Event: 109.105 Thread 0x000000001d3a3000 Uncommon trap: reason=class_check action=maybe_recompile pc=0x000000000480d3c8 method=java.util.stream.Sink$ChainedReference.<init>(Ljava/util/stream/Sink;)V @ 9
Event: 109.105 Thread 0x000000001d3a3000 Uncommon trap: reason=class_check action=maybe_recompile pc=0x000000000480d3c8 method=java.util.stream.Sink$ChainedReference.<init>(Ljava/util/stream/Sink;)V @ 9
Event: 109.653 Thread 0x000000001d3a6800 Uncommon trap: reason=unstable_if action=reinterpret pc=0x0000000003708c14 method=java.util.TimSort.mergeLo(IIII)V @ 474

Classes redefined (0 events):
No events

Internal exceptions (10 events):
Event: 99.976 Thread 0x000000001d3a6000 Exception <a 'sun/nio/fs/WindowsException'> (0x00000000e0068650) thrown at [D:\src\AOSP-openjdk-cygwin\jdk8u\hotspot\src\share\vm\prims\jni.cpp, line 710]
Event: 99.981 Thread 0x000000001d3a6000 Exception <a 'sun/nio/fs/WindowsException'> (0x00000000e006f400) thrown at [D:\src\AOSP-openjdk-cygwin\jdk8u\hotspot\src\share\vm\prims\jni.cpp, line 710]
Event: 99.986 Thread 0x000000001d3a6000 Exception <a 'sun/nio/fs/WindowsException'> (0x00000000e0075888) thrown at [D:\src\AOSP-openjdk-cygwin\jdk8u\hotspot\src\share\vm\prims\jni.cpp, line 710]
Event: 99.989 Thread 0x000000001d3a6000 Exception <a 'sun/nio/fs/WindowsException'> (0x00000000e007c8d0) thrown at [D:\src\AOSP-openjdk-cygwin\jdk8u\hotspot\src\share\vm\prims\jni.cpp, line 710]
Event: 99.993 Thread 0x000000001d3a6000 Exception <a 'sun/nio/fs/WindowsException'> (0x00000000e0285650) thrown at [D:\src\AOSP-openjdk-cygwin\jdk8u\hotspot\src\share\vm\prims\jni.cpp, line 710]
Event: 100.226 Thread 0x0000000018386800 Exception <a 'java/lang/NoSuchMethodError': <clinit>> (0x00000000e072a170) thrown at [D:\src\AOSP-openjdk-cygwin\jdk8u\hotspot\src\share\vm\prims\jni.cpp, line 1614]
Event: 105.545 Thread 0x000000001d3a3000 Exception <a 'sun/nio/fs/WindowsException'> (0x00000000e16c1c78) thrown at [D:\src\AOSP-openjdk-cygwin\jdk8u\hotspot\src\share\vm\prims\jni.cpp, line 710]
Event: 106.087 Thread 0x000000001d3a5000 Implicit null exception at 0x0000000004032eaf to 0x0000000004032fa9
Event: 106.087 Thread 0x000000001d39d800 Implicit null exception at 0x0000000004032eaf to 0x0000000004032fa9
Event: 106.087 Thread 0x000000001d3a1000 Implicit null exception at 0x0000000004032eaf to 0x0000000004032fa9

Events (10 events):
Event: 109.667 Thread 0x000000001d3a6800 DEOPT PACKING pc=0x0000000004920bfe sp=0x0000000024eae830
Event: 109.667 Thread 0x000000001d3a6800 DEOPT UNPACKING pc=0x0000000002ef71d0 sp=0x0000000024eae5a0 mode 0
Event: 109.669 Thread 0x000000001d3a6800 DEOPT PACKING pc=0x0000000004920bfe sp=0x0000000024eae830
Event: 109.669 Thread 0x000000001d3a6800 DEOPT UNPACKING pc=0x0000000002ef71d0 sp=0x0000000024eae5a0 mode 0
Event: 109.671 Thread 0x000000001d3a6800 DEOPT PACKING pc=0x0000000004920bfe sp=0x0000000024eae830
Event: 109.671 Thread 0x000000001d3a6800 DEOPT UNPACKING pc=0x0000000002ef71d0 sp=0x0000000024eae5a0 mode 0
Event: 109.673 Thread 0x000000001d3a6800 DEOPT PACKING pc=0x0000000004920bfe sp=0x0000000024eae830
Event: 109.673 Thread 0x000000001d3a6800 DEOPT UNPACKING pc=0x0000000002ef71d0 sp=0x0000000024eae5a0 mode 0
Event: 109.675 Thread 0x000000001d3a6800 DEOPT PACKING pc=0x0000000004920bfe sp=0x0000000024eae830
Event: 109.675 Thread 0x000000001d3a6800 DEOPT UNPACKING pc=0x0000000002ef71d0 sp=0x0000000024eae5a0 mode 0


Dynamic libraries:
0x00007ff60fea0000 - 0x00007ff60fed1000 	C:\Program Files\Android\Android Studio\jre\bin\java.exe
0x00007ffde67c0000 - 0x00007ffde69b0000 	C:\WINDOWS\SYSTEM32\ntdll.dll
0x00007ffde63c0000 - 0x00007ffde6472000 	C:\WINDOWS\System32\KERNEL32.DLL
0x00007ffde3a20000 - 0x00007ffde3cc3000 	C:\WINDOWS\System32\KERNELBASE.dll
0x00007ffde5a20000 - 0x00007ffde5ac3000 	C:\WINDOWS\System32\ADVAPI32.dll
0x00007ffde4b10000 - 0x00007ffde4bae000 	C:\WINDOWS\System32\msvcrt.dll
0x00007ffde5980000 - 0x00007ffde5a17000 	C:\WINDOWS\System32\sechost.dll
0x00007ffde6290000 - 0x00007ffde63b0000 	C:\WINDOWS\System32\RPCRT4.dll
0x00007ffde5170000 - 0x00007ffde5304000 	C:\WINDOWS\System32\USER32.dll
0x00007ffde39f0000 - 0x00007ffde3a11000 	C:\WINDOWS\System32\win32u.dll
0x00007ffde4a10000 - 0x00007ffde4a36000 	C:\WINDOWS\System32\GDI32.dll
0x00007ffde3800000 - 0x00007ffde3994000 	C:\WINDOWS\System32\gdi32full.dll
0x00007ffde3d70000 - 0x00007ffde3e0e000 	C:\WINDOWS\System32\msvcp_win.dll
0x00007ffde4820000 - 0x00007ffde491a000 	C:\WINDOWS\System32\ucrtbase.dll
0x00007ffdc44e0000 - 0x00007ffdc4765000 	C:\WINDOWS\WinSxS\amd64_microsoft.windows.common-controls_6595b64144ccf1df_6.0.18362.720_none_e6beb5c51314836b\COMCTL32.dll
0x00007ffde4ce0000 - 0x00007ffde5016000 	C:\WINDOWS\System32\combase.dll
0x00007ffde3cf0000 - 0x00007ffde3d70000 	C:\WINDOWS\System32\bcryptPrimitives.dll
0x00007ffde5310000 - 0x00007ffde533e000 	C:\WINDOWS\System32\IMM32.DLL
0x0000000060f80000 - 0x0000000061052000 	C:\Program Files\Android\Android Studio\jre\jre\bin\msvcr100.dll
0x000000005f760000 - 0x000000005ffa6000 	C:\Program Files\Android\Android Studio\jre\jre\bin\server\jvm.dll
0x00007ffde6480000 - 0x00007ffde6488000 	C:\WINDOWS\System32\PSAPI.DLL
0x00007ffddbff0000 - 0x00007ffddbffa000 	C:\WINDOWS\SYSTEM32\VERSION.dll
0x00007ffde1710000 - 0x00007ffde1734000 	C:\WINDOWS\SYSTEM32\WINMM.dll
0x00007ffde0f30000 - 0x00007ffde0f39000 	C:\WINDOWS\SYSTEM32\WSOCK32.dll
0x00007ffde16e0000 - 0x00007ffde170d000 	C:\WINDOWS\SYSTEM32\WINMMBASE.dll
0x00007ffde39a0000 - 0x00007ffde39ea000 	C:\WINDOWS\System32\cfgmgr32.dll
0x00007ffde5340000 - 0x00007ffde53af000 	C:\WINDOWS\System32\WS2_32.dll
0x00007ffddfee0000 - 0x00007ffddfeef000 	C:\Program Files\Android\Android Studio\jre\jre\bin\verify.dll
0x00007ffdd8ff0000 - 0x00007ffdd9019000 	C:\Program Files\Android\Android Studio\jre\jre\bin\java.dll
0x00007ffddd6c0000 - 0x00007ffddd6d6000 	C:\Program Files\Android\Android Studio\jre\jre\bin\zip.dll
0x00007ffde5ad0000 - 0x00007ffde61b5000 	C:\WINDOWS\System32\SHELL32.dll
0x00007ffde4bb0000 - 0x00007ffde4c59000 	C:\WINDOWS\System32\shcore.dll
0x00007ffde3ea0000 - 0x00007ffde4620000 	C:\WINDOWS\System32\windows.storage.dll
0x00007ffde37b0000 - 0x00007ffde37d3000 	C:\WINDOWS\System32\profapi.dll
0x00007ffde3760000 - 0x00007ffde37aa000 	C:\WINDOWS\System32\powrprof.dll
0x00007ffde3730000 - 0x00007ffde3740000 	C:\WINDOWS\System32\UMPDC.dll
0x00007ffde6640000 - 0x00007ffde6692000 	C:\WINDOWS\System32\shlwapi.dll
0x00007ffde3740000 - 0x00007ffde3751000 	C:\WINDOWS\System32\kernel.appcore.dll
0x00007ffde3cd0000 - 0x00007ffde3ce7000 	C:\WINDOWS\System32\cryptsp.dll
0x00007ffddd610000 - 0x00007ffddd62a000 	C:\Program Files\Android\Android Studio\jre\jre\bin\net.dll
0x00007ffdd60a0000 - 0x00007ffdd6275000 	C:\WINDOWS\SYSTEM32\urlmon.dll
0x00007ffdd63a0000 - 0x00007ffdd6646000 	C:\WINDOWS\SYSTEM32\iertutil.dll
0x00007ffde3170000 - 0x00007ffde317c000 	C:\WINDOWS\SYSTEM32\CRYPTBASE.DLL
0x00007ffde2fa0000 - 0x00007ffde3007000 	C:\WINDOWS\system32\mswsock.dll
0x00007ffddcca0000 - 0x00007ffddccb3000 	C:\Program Files\Android\Android Studio\jre\jre\bin\nio.dll
0x00007ffdce710000 - 0x00007ffdce736000 	C:\Users\‡‰ÏËÌ\.gradle\native\29\windows-amd64\native-platform.dll
0x00007ffddeee0000 - 0x00007ffddeeed000 	C:\Program Files\Android\Android Studio\jre\jre\bin\management.dll
0x00007ffde2b10000 - 0x00007ffde2b43000 	C:\WINDOWS\system32\rsaenh.dll
0x00007ffde3e70000 - 0x00007ffde3e96000 	C:\WINDOWS\System32\bcrypt.dll
0x00007ffde3620000 - 0x00007ffde3645000 	C:\WINDOWS\SYSTEM32\USERENV.dll
0x00007ffde2cb0000 - 0x00007ffde2cea000 	C:\WINDOWS\SYSTEM32\IPHLPAPI.DLL
0x00007ffde63b0000 - 0x00007ffde63b8000 	C:\WINDOWS\System32\NSI.dll
0x00007ffdda880000 - 0x00007ffdda896000 	C:\WINDOWS\SYSTEM32\dhcpcsvc6.DLL
0x00007ffddb1c0000 - 0x00007ffddb1dc000 	C:\WINDOWS\SYSTEM32\dhcpcsvc.DLL
0x00007ffde2cf0000 - 0x00007ffde2dba000 	C:\WINDOWS\SYSTEM32\DNSAPI.dll

VM Arguments:
jvm_args: -Xmx1536m -Dfile.encoding=windows-1251 -Duser.country=RU -Duser.language=ru -Duser.variant 
java_command: org.gradle.launcher.daemon.bootstrap.GradleDaemon 5.4.1
java_class_path (initial): C:\Users\‡‰ÏËÌ\.gradle\wrapper\dists\gradle-5.4.1-all\3221gyojl5jsh0helicew7rwx\gradle-5.4.1\lib\gradle-launcher-5.4.1.jar
Launcher Type: SUN_STANDARD

Environment Variables:
PATH=C:\Program Files\Microsoft MPI\Bin\;C:\Program Files (x86)\PC Connectivity Solution\;C:\WINDOWS\system32;C:\WINDOWS;C:\WINDOWS\System32\Wbem;C:\WINDOWS\System32\WindowsPowerShell\v1.0\;C:\Program Files (x86)\AMD\ATI.ACE\Core-Static;C:\Program Files\Java\jdk-12.0.2\bin;C:\WINDOWS\System32\OpenSSH\;C:\Program Files\Microsoft SQL Server\Client SDK\ODBC\130\Tools\Binn\;C:\Program Files (x86)\Microsoft SQL Server\130\Tools\Binn\;C:\Program Files\Microsoft SQL Server\130\Tools\Binn\;C:\Program Files\Microsoft SQL Server\130\DTS\Binn\;C:\Program Files (x86)\Microsoft SQL Server\140\Tools\Binn\;C:\Program Files\Microsoft SQL Server\140\Tools\Binn\;C:\Program Files (x86)\Microsoft SQL Server\140\DTS\Binn\;C:\Program Files\Microsoft SQL Server\140\DTS\Binn\;C:\Program Files (x86)\Microsoft SQL Server\150\DTS\Binn\;C:\Users\‡‰ÏËÌ\AppData\Local\Microsoft\WindowsApps;C:\adb;C:\Users\‡‰ÏËÌ\AppData\Local\Microsoft\WindowsApps;
USERNAME=‡‰ÏËÌ
OS=Windows_NT
PROCESSOR_IDENTIFIER=AMD64 Family 21 Model 101 Stepping 1, AuthenticAMD



---------------  S Y S T E M  ---------------

OS: Windows 10.0 , 64 bit Build 18362 (10.0.18362.329)

CPU:total 4 (initial active 4) (4 cores per cpu, 1 threads per core) family 21 model 101 stepping 1, cmov, cx8, fxsr, mmx, sse, sse2, sse3, ssse3, sse4.1, sse4.2, popcnt, avx, avx2, aes, clmul, mmxext, 3dnowpref, lzcnt, sse4a, tsc, tscinvbit, tscinv, bmi1

Memory: 4k page, physical 7503772k(1033508k free), swap 9568156k(14968k free)

vm_info: OpenJDK 64-Bit Server VM (25.212-b04) for windows-amd64 JRE (1.8.0_212-release-1586-b04), built by "builder" with MS VC++ 10.0 (VS2010)

time: Sat Apr 04 23:01:15 2020
timezone: ¡‡„‰‡‰ÒÍÓÂ ‚ÂÏˇ (ÁËÏ‡)
elapsed time: 109 seconds (0d 0h 1m 49s)

