#
# There is insufficient memory for the Java Runtime Environment to continue.
# Native memory allocation (malloc) failed to allocate 1048576 bytes for AllocateHeap
# Possible reasons:
#   The system is out of physical RAM or swap space
#   The process is running with CompressedOops enabled, and the Java Heap may be blocking the growth of the native heap
# Possible solutions:
#   Reduce memory load on the system
#   Increase physical memory or swap space
#   Check if swap backing store is full
#   Decrease Java heap size (-Xmx/-Xms)
#   Decrease number of Java threads
#   Decrease Java thread stack sizes (-Xss)
#   Set larger code cache with -XX:ReservedCodeCacheSize=
#   JVM is running with Unscaled Compressed Oops mode in which the Java heap is
#     placed in the first 4GB address space. The Java Heap base address is the
#     maximum limit for the native heap growth. Please use -XX:HeapBaseMinAddress
#     to set the Java Heap base and to place the Java Heap above 4GB virtual address.
# This output file may be truncated or incomplete.
#
#  Out of Memory Error (memory/allocation.inline.hpp:61), pid=4780, tid=0x0000000000001294
#
# JRE version:  (8.0_212-b04) (build )
# Java VM: OpenJDK 64-Bit Server VM (25.212-b04 mixed mode windows-amd64 compressed oops)
# Failed to write core dump. Minidumps are not enabled by default on client versions of Windows
#

---------------  T H R E A D  ---------------

Current thread (0x0000000002902800):  JavaThread "Unknown thread" [_thread_in_vm, id=4756, stack(0x0000000002740000,0x0000000002840000)]

Stack: [0x0000000002740000,0x0000000002840000]
[error occurred during error reporting (printing stack bounds), id 0xc0000005]

Native frames: (J=compiled Java code, j=interpreted, Vv=VM code, C=native code)


---------------  P R O C E S S  ---------------

Java Threads: ( => current thread )

Other Threads:

=>0x0000000002902800 (exited) JavaThread "Unknown thread" [_thread_in_vm, id=4756, stack(0x0000000002740000,0x0000000002840000)]

VM state:not at safepoint (normal execution)

VM Mutex/Monitor currently owned by a thread: None

heap address: 0x000000008d800000, size: 1832 MB, Compressed Oops mode: 32-bit
Narrow klass base: 0x0000000000000000, Narrow klass shift: 3
Compressed class space size: 1073741824 Address: 0x0000000100000000

Heap:
 PSYoungGen      total 34816K, used 604K [0x00000000d9d80000, 0x00000000dc400000, 0x0000000100000000)
  eden space 30208K, 2% used [0x00000000d9d80000,0x00000000d9e170b0,0x00000000dbb00000)
  from space 4608K, 0% used [0x00000000dbf80000,0x00000000dbf80000,0x00000000dc400000)
  to   space 4608K, 0% used [0x00000000dbb00000,0x00000000dbb00000,0x00000000dbf80000)
 ParOldGen       total 79360K, used 0K [0x000000008d800000, 0x0000000092580000, 0x00000000d9d80000)
  object space 79360K, 0% used [0x000000008d800000,0x000000008d800000,0x0000000092580000)
 Metaspace       used 778K, capacity 4480K, committed 4480K, reserved 1056768K
  class space    used 74K, capacity 384K, committed 384K, reserved 1048576K

Card table byte_map: [0x0000000011dc0000,0x0000000012160000] byte_map_base: 0x0000000011954000

Marking Bits: (ParMarkBitMap*) 0x00000000749f9f30
 Begin Bits: [0x00000000127d0000, 0x0000000014470000)
 End Bits:   [0x0000000014470000, 0x0000000016110000)

Polling page: 0x0000000000e40000

CodeCache: size=245760Kb used=327Kb max_used=327Kb free=245432Kb
 bounds [0x0000000002a00000, 0x0000000002c70000, 0x0000000011a00000]
 total_blobs=56 nmethods=0 adapters=38
 compilation: enabled

Compilation events (0 events):
No events

GC Heap History (0 events):
No events

Deoptimization events (0 events):
No events

Classes redefined (0 events):
No events

Internal exceptions (0 events):
No events

Events (10 events):
Event: 0.039 loading class java/lang/Short
Event: 0.039 loading class java/lang/Short done
Event: 0.039 loading class java/lang/Integer
Event: 0.040 loading class java/lang/Integer done
Event: 0.040 loading class java/lang/Long
Event: 0.040 loading class java/lang/Long done
Event: 0.041 loading class java/lang/NullPointerException
Event: 0.041 loading class java/lang/NullPointerException done
Event: 0.041 loading class java/lang/ArithmeticException
Event: 0.041 loading class java/lang/ArithmeticException done


Dynamic libraries:
0x00007ff63e430000 - 0x00007ff63e461000 	C:\Program Files\Android\Android Studio\jre\jre\bin\java.exe
0x00007fffa0be0000 - 0x00007fffa0dd0000 	C:\WINDOWS\SYSTEM32\ntdll.dll
0x00007fffa08e0000 - 0x00007fffa0992000 	C:\WINDOWS\System32\KERNEL32.DLL
0x00007fff9df10000 - 0x00007fff9e1b3000 	C:\WINDOWS\System32\KERNELBASE.dll
0x00007fffa0ac0000 - 0x00007fffa0b63000 	C:\WINDOWS\System32\ADVAPI32.dll
0x00007fff9f310000 - 0x00007fff9f3ae000 	C:\WINDOWS\System32\msvcrt.dll
0x00007fffa04f0000 - 0x00007fffa0587000 	C:\WINDOWS\System32\sechost.dll
0x00007fff9f690000 - 0x00007fff9f7b0000 	C:\WINDOWS\System32\RPCRT4.dll
0x00007fff9eef0000 - 0x00007fff9f084000 	C:\WINDOWS\System32\USER32.dll
0x00007fff9de90000 - 0x00007fff9deb1000 	C:\WINDOWS\System32\win32u.dll
0x00007fff9f460000 - 0x00007fff9f486000 	C:\WINDOWS\System32\GDI32.dll
0x00007fff9dc90000 - 0x00007fff9de24000 	C:\WINDOWS\System32\gdi32full.dll
0x00007fff9dbc0000 - 0x00007fff9dc5e000 	C:\WINDOWS\System32\msvcp_win.dll
0x00007fff9ebc0000 - 0x00007fff9ecba000 	C:\WINDOWS\System32\ucrtbase.dll
0x00007fff923a0000 - 0x00007fff92625000 	C:\WINDOWS\WinSxS\amd64_microsoft.windows.common-controls_6595b64144ccf1df_6.0.18362.720_none_e6beb5c51314836b\COMCTL32.dll
0x00007fffa0590000 - 0x00007fffa08c6000 	C:\WINDOWS\System32\combase.dll
0x00007fff9eb40000 - 0x00007fff9ebc0000 	C:\WINDOWS\System32\bcryptPrimitives.dll
0x00007fff9f3c0000 - 0x00007fff9f3ee000 	C:\WINDOWS\System32\IMM32.DLL
0x0000000075830000 - 0x0000000075902000 	C:\Program Files\Android\Android Studio\jre\jre\bin\msvcr100.dll
0x0000000074230000 - 0x0000000074a76000 	C:\Program Files\Android\Android Studio\jre\jre\bin\server\jvm.dll
0x00007fffa08d0000 - 0x00007fffa08d8000 	C:\WINDOWS\System32\PSAPI.DLL
0x00007fff96320000 - 0x00007fff9632a000 	C:\WINDOWS\SYSTEM32\VERSION.dll
0x00007fff950f0000 - 0x00007fff95114000 	C:\WINDOWS\SYSTEM32\WINMM.dll
0x00007fff96350000 - 0x00007fff96359000 	C:\WINDOWS\SYSTEM32\WSOCK32.dll
0x00007fff9f3f0000 - 0x00007fff9f45f000 	C:\WINDOWS\System32\WS2_32.dll
0x00007fff950c0000 - 0x00007fff950ed000 	C:\WINDOWS\SYSTEM32\WINMMBASE.dll
0x00007fff9dec0000 - 0x00007fff9df0a000 	C:\WINDOWS\System32\cfgmgr32.dll
0x00007fff96340000 - 0x00007fff9634f000 	C:\Program Files\Android\Android Studio\jre\jre\bin\verify.dll
0x00007fff8c210000 - 0x00007fff8c239000 	C:\Program Files\Android\Android Studio\jre\jre\bin\java.dll
0x00007fff95070000 - 0x00007fff95086000 	C:\Program Files\Android\Android Studio\jre\jre\bin\zip.dll

VM Arguments:
java_command: org.jetbrains.git4idea.http.GitAskPassApp Username for 'https://github.com': 
java_class_path (initial): C:/Program Files/Android/Android Studio/plugins/git4idea/lib/git4idea-rt.jar;C:/Program Files/Android/Android Studio/lib/xmlrpc-2.0.1.jar;C:/Program Files/Android/Android Studio/lib/commons-codec-1.13.jar;C:/Program Files/Android/Android Studio/lib/util.jar
Launcher Type: SUN_STANDARD

Environment Variables:
PATH=C:\Program Files\Git\mingw64\libexec\git-core;C:\Program Files\Git\mingw64\libexec\git-core;C:\Program Files\Git\mingw64\bin;C:\Program Files\Git\usr\bin;C:\Users\админ\bin;C:\Program Files\Microsoft MPI\Bin;C:\Program Files (x86)\PC Connectivity Solution;C:\WINDOWS\system32;C:\WINDOWS;C:\WINDOWS\System32\Wbem;C:\WINDOWS\System32\WindowsPowerShell\v1.0;C:\Program Files (x86)\AMD\ATI.ACE\Core-Static;C:\Program Files\Java\jdk-12.0.2\bin;C:\WINDOWS\System32\OpenSSH;C:\Program Files\Microsoft SQL Server\Client SDK\ODBC\130\Tools\Binn;C:\Program Files (x86)\Microsoft SQL Server\130\Tools\Binn;C:\Program Files\Microsoft SQL Server\130\Tools\Binn;C:\Program Files\Microsoft SQL Server\130\DTS\Binn;C:\Program Files (x86)\Microsoft SQL Server\140\Tools\Binn;C:\Program Files\Microsoft SQL Server\140\Tools\Binn;C:\Program Files (x86)\Microsoft SQL Server\140\DTS\Binn;C:\Program Files\Microsoft SQL Server\140\DTS\Binn;C:\Program Files (x86)\Microsoft SQL Server\150\DTS\Binn;C:\Users\админ\AppData\Local\Microsoft\WindowsApps;C:\adb;C:\Users\админ\AppData\Local\Microsoft\WindowsApps
USERNAME=админ
DISPLAY=:0.0
OS=Windows_NT
PROCESSOR_IDENTIFIER=AMD64 Family 21 Model 101 Stepping 1, AuthenticAMD



---------------  S Y S T E M  ---------------

OS: Windows 10.0 , 64 bit Build 18362 (10.0.18362.329)

CPU:total 4 (initial active 4) (4 cores per cpu, 1 threads per core) family 21 model 101 stepping 1, cmov, cx8, fxsr, mmx, sse, sse2, sse3, ssse3, sse4.1, sse4.2, popcnt, avx, avx2, aes, clmul, mmxext, 3dnowpref, lzcnt, sse4a, tsc, tscinvbit, tscinv, bmi1

Memory: 4k page, physical 7503772k(1039684k free), swap 9568156k(6012k free)

vm_info: OpenJDK 64-Bit Server VM (25.212-b04) for windows-amd64 JRE (1.8.0_212-release-1586-b04), built by "builder" with MS VC++ 10.0 (VS2010)

time: Tue Apr 07 22:52:46 2020
timezone: Багдадское время (зима)
elapsed time: 0 seconds (0d 0h 0m 0s)

