#
# There is insufficient memory for the Java Runtime Environment to continue.
# Native memory allocation (malloc) failed to allocate 1424656 bytes for Chunk::new
# Possible reasons:
#   The system is out of physical RAM or swap space
#   The process is running with CompressedOops enabled, and the Java Heap may be blocking the growth of the native heap
# Possible solutions:
#   Reduce memory load on the system
#   Increase physical memory or swap space
#   Check if swap backing store is full
#   Decrease Java heap size (-Xmx/-Xms)
#   Decrease number of Java threads
#   Decrease Java thread stack sizes (-Xss)
#   Set larger code cache with -XX:ReservedCodeCacheSize=
#   JVM is running with Unscaled Compressed Oops mode in which the Java heap is
#     placed in the first 4GB address space. The Java Heap base address is the
#     maximum limit for the native heap growth. Please use -XX:HeapBaseMinAddress
#     to set the Java Heap base and to place the Java Heap above 4GB virtual address.
# This output file may be truncated or incomplete.
#
#  Out of Memory Error (allocation.cpp:389), pid=12628, tid=0x0000000000002840
#
# JRE version: OpenJDK Runtime Environment (8.0_212-b04) (build 1.8.0_212-release-1586-b04)
# Java VM: OpenJDK 64-Bit Server VM (25.212-b04 mixed mode windows-amd64 compressed oops)
# Failed to write core dump. Minidumps are not enabled by default on client versions of Windows
#

---------------  T H R E A D  ---------------

Current thread (0x0000000016636800):  JavaThread "C2 CompilerThread0" daemon [_thread_in_native, id=10304, stack(0x0000000017c90000,0x0000000017d90000)]

Stack: [0x0000000017c90000,0x0000000017d90000]
[error occurred during error reporting (printing stack bounds), id 0xc0000005]

Native frames: (J=compiled Java code, j=interpreted, Vv=VM code, C=native code)


Current CompileTask:
C2:3792635 25293   !   4       org.codehaus.groovy.runtime.metaclass.ClosureMetaClass::invokeMethod (872 bytes)


---------------  P R O C E S S  ---------------

Java Threads: ( => current thread )
  0x0000000018fd1800 JavaThread "Execution worker for ':' Thread 3" [_thread_in_native, id=6440, stack(0x0000000024210000,0x0000000024310000)]
  0x0000000018fd0800 JavaThread "Execution worker for ':' Thread 2" [_thread_in_native, id=10300, stack(0x0000000023f10000,0x0000000024010000)]
  0x0000000018fd4800 JavaThread "Execution worker for ':'" [_thread_in_native, id=2988, stack(0x0000000023a10000,0x0000000023b10000)]
  0x0000000018fc7800 JavaThread "Cache worker for file content cache (C:\Java\Diplom3\Diplom\.gradle\5.6.4\fileContent)" [_thread_blocked, id=7204, stack(0x0000000023110000,0x0000000023210000)]
  0x0000000018fce800 JavaThread "Cache worker for Build Output Cleanup Cache (C:\Java\Diplom3\Diplom\.gradle\buildOutputCleanup)" [_thread_blocked, id=11984, stack(0x0000000022d10000,0x0000000022e10000)]
  0x0000000018fc7000 JavaThread "Build operations Thread 4" [_thread_blocked, id=10860, stack(0x0000000022c10000,0x0000000022d10000)]
  0x0000000018fc9000 JavaThread "Build operations Thread 3" [_thread_blocked, id=4844, stack(0x0000000022310000,0x0000000022410000)]
  0x0000000018fcd800 JavaThread "Build operations Thread 2" [_thread_blocked, id=8308, stack(0x0000000021b90000,0x0000000021c90000)]
  0x0000000018fca800 JavaThread "Build operations" [_thread_blocked, id=8712, stack(0x0000000021a90000,0x0000000021b90000)]
  0x0000000018fc8800 JavaThread "Cache worker for cache directory md-rule (C:\Users\–∞–¥–º–∏–Ω\.gradle\caches\5.6.4\md-rule)" [_thread_blocked, id=6224, stack(0x0000000021390000,0x0000000021490000)]
  0x0000000018fca000 JavaThread "Cache worker for cache directory md-supplier (C:\Users\–∞–¥–º–∏–Ω\.gradle\caches\5.6.4\md-supplier)" [_thread_blocked, id=11280, stack(0x0000000020590000,0x0000000020690000)]
  0x0000000018fcc000 JavaThread "Cache worker for file hash cache (C:\Java\Diplom3\Diplom\.gradle\5.6.4\fileHashes)" [_thread_blocked, id=12328, stack(0x000000001e8c0000,0x000000001e9c0000)]
  0x0000000018fcd000 JavaThread "Thread-631" [_thread_blocked, id=6976, stack(0x000000001e560000,0x000000001e660000)]
  0x000000001bf39800 JavaThread "Stdin handler" [_thread_blocked, id=12468, stack(0x000000001aef0000,0x000000001aff0000)]
  0x000000001bf37800 JavaThread "Asynchronous log dispatcher for DefaultDaemonConnection: socket connection from /127.0.0.1:50793 to /127.0.0.1:54468" [_thread_blocked, id=8672, stack(0x000000001adf0000,0x000000001aef0000)]
  0x000000001bf3c000 JavaThread "Cancel handler" [_thread_blocked, id=9116, stack(0x000000001abf0000,0x000000001acf0000)]
  0x000000001bf36800 JavaThread "Handler for socket connection from /127.0.0.1:50793 to /127.0.0.1:54468" [_thread_in_native, id=13160, stack(0x000000001aaf0000,0x000000001abf0000)]
  0x0000000018fcb800 JavaThread "Daemon worker Thread 17" [_thread_in_Java, id=8328, stack(0x000000001acf0000,0x000000001adf0000)]
  0x0000000018bad800 JavaThread "Daemon Thread 17" [_thread_blocked, id=13132, stack(0x00000000028e0000,0x00000000029e0000)]
  0x000000001d533800 JavaThread "Cache worker for Java compile cache (C:\Users\–∞–¥–º–∏–Ω\.gradle\caches\5.6.4\javaCompile)" [_thread_blocked, id=2192, stack(0x0000000023010000,0x0000000023110000)]
  0x000000001bf3d800 JavaThread "Cache worker for file content cache (C:\Users\–∞–¥–º–∏–Ω\.gradle\caches\5.6.4\fileContent)" [_thread_blocked, id=12068, stack(0x0000000022210000,0x0000000022310000)]
  0x000000001bf3c800 JavaThread "Memory manager" [_thread_blocked, id=3104, stack(0x0000000022110000,0x0000000022210000)]
  0x000000001bf3b000 JavaThread "Cache worker for execution history cache (C:\Users\–∞–¥–º–∏–Ω\.gradle\caches\5.6.4\executionHistory)" [_thread_blocked, id=3620, stack(0x0000000020690000,0x0000000020790000)]
  0x0000000018bad000 JavaThread "Cache worker for journal cache (C:\Users\–∞–¥–º–∏–Ω\.gradle\caches\journal-1)" [_thread_in_native, id=10588, stack(0x000000001b3f0000,0x000000001b4f0000)]
  0x0000000018bab800 JavaThread "File lock request listener" [_thread_in_native, id=1836, stack(0x000000001b2f0000,0x000000001b3f0000)]
  0x0000000018188800 JavaThread "Cache worker for file hash cache (C:\Users\–∞–¥–º–∏–Ω\.gradle\caches\5.6.4\fileHashes)" [_thread_blocked, id=12900, stack(0x000000001b1f0000,0x000000001b2f0000)]
  0x0000000018a56000 JavaThread "Daemon periodic checks" [_thread_blocked, id=10712, stack(0x000000001a5f0000,0x000000001a6f0000)]
  0x0000000018a53800 JavaThread "Incoming local TCP Connector on port 50793" [_thread_in_native, id=616, stack(0x000000001a3a0000,0x000000001a4a0000)]
  0x0000000019c78800 JavaThread "Daemon health stats" [_thread_blocked, id=7380, stack(0x0000000019d60000,0x0000000019e60000)]
  0x0000000017fc3800 JavaThread "Service Thread" daemon [_thread_blocked, id=7120, stack(0x0000000018390000,0x0000000018490000)]
  0x0000000016642800 JavaThread "C1 CompilerThread2" daemon [_thread_blocked, id=9312, stack(0x0000000017e90000,0x0000000017f90000)]
  0x0000000016639800 JavaThread "C2 CompilerThread1" daemon [_thread_in_native, id=5076, stack(0x0000000017d90000,0x0000000017e90000)]
=>0x0000000016636800 JavaThread "C2 CompilerThread0" daemon [_thread_in_native, id=10304, stack(0x0000000017c90000,0x0000000017d90000)]
  0x0000000016633000 JavaThread "Attach Listener" daemon [_thread_blocked, id=13040, stack(0x0000000017b90000,0x0000000017c90000)]
  0x0000000016635000 JavaThread "Signal Dispatcher" daemon [_thread_blocked, id=6480, stack(0x0000000017a90000,0x0000000017b90000)]
  0x0000000002cbc000 JavaThread "Finalizer" daemon [_thread_blocked, id=11848, stack(0x0000000017880000,0x0000000017980000)]
  0x0000000016619000 JavaThread "Reference Handler" daemon [_thread_blocked, id=7680, stack(0x0000000017780000,0x0000000017880000)]
  0x0000000002abe000 JavaThread "main" [_thread_blocked, id=8476, stack(0x0000000002ac0000,0x0000000002bc0000)]

Other Threads:
  0x00000000165f6000 VMThread [stack: 0x0000000017680000,0x0000000017780000] [id=8728]
  0x0000000017fc5800 WatcherThread [stack: 0x0000000018490000,0x0000000018590000] [id=10576]

VM state:not at safepoint (normal execution)

VM Mutex/Monitor currently owned by a thread: None

heap address: 0x00000000a0000000, size: 1536 MB, Compressed Oops mode: 32-bit
Narrow klass base: 0x0000000000000000, Narrow klass shift: 3
Compressed class space size: 1073741824 Address: 0x0000000100000000

Heap:
 PSYoungGen      total 395264K, used 97684K [0x00000000e0000000, 0x00000000ff580000, 0x0000000100000000)
  eden space 282112K, 28% used [0x00000000e0000000,0x00000000e4d96d00,0x00000000f1380000)
  from space 113152K, 16% used [0x00000000f8700000,0x00000000f98ce418,0x00000000ff580000)
  to   space 115712K, 0% used [0x00000000f1380000,0x00000000f1380000,0x00000000f8480000)
 ParOldGen       total 226816K, used 183626K [0x00000000a0000000, 0x00000000add80000, 0x00000000e0000000)
  object space 226816K, 80% used [0x00000000a0000000,0x00000000ab352a30,0x00000000add80000)
 Metaspace       used 91445K, capacity 98064K, committed 98136K, reserved 1134592K
  class space    used 11778K, capacity 12914K, committed 12928K, reserved 1048576K

Card table byte_map: [0x0000000012080000,0x0000000012390000] byte_map_base: 0x0000000011b80000

Marking Bits: (ParMarkBitMap*) 0x00000000688f9f30
 Begin Bits: [0x0000000012990000, 0x0000000014190000)
 End Bits:   [0x0000000014190000, 0x0000000015990000)

Polling page: 0x0000000002810000

CodeCache: size=245760Kb used=69242Kb max_used=69415Kb free=176517Kb
 bounds [0x0000000002cc0000, 0x0000000007100000, 0x0000000011cc0000]
 total_blobs=20015 nmethods=19161 adapters=766
 compilation: enabled

Compilation events (10 events):
Event: 3792.080 Thread 0x0000000016642800 25320       3       org.gradle.internal.component.local.model.DefaultLocalComponentMetadata$DefaultLocalConfigurationMetadata::getFiles (77 bytes)
Event: 3792.082 Thread 0x0000000016642800 nmethod 25320 0x000000000595b450 code [0x000000000595b6a0, 0x000000000595c548]
Event: 3792.207 Thread 0x0000000016642800 25326       3       org.gradle.api.internal.tasks.StaticValue::getTaskDependencies (41 bytes)
Event: 3792.208 Thread 0x0000000016642800 nmethod 25326 0x00000000063bee90 code [0x00000000063bf020, 0x00000000063bf5a8]
Event: 3792.212 Thread 0x0000000016642800 25327       3       com.android.build.gradle.internal.core.VariantConfiguration::getSourceFiles (104 bytes)
Event: 3792.215 Thread 0x0000000016642800 nmethod 25327 0x0000000004785b50 code [0x0000000004785ea0, 0x00000000047878d8]
Event: 3792.215 Thread 0x0000000016642800 25328       3       com.android.build.gradle.internal.core.VariantConfiguration$$Lambda$329/1341182429::<init> (10 bytes)
Event: 3792.216 Thread 0x0000000016642800 nmethod 25328 0x0000000005333b90 code [0x0000000005333ce0, 0x0000000005333eb0]
Event: 3792.217 Thread 0x0000000016642800 25329       3       com.android.build.gradle.tasks.MergeSourceSetFolders_Decorated::getShadersOutputDir (37 bytes)
Event: 3792.218 Thread 0x0000000016642800 nmethod 25329 0x0000000004769250 code [0x00000000047693e0, 0x00000000047698f8]

GC Heap History (10 events):
Event: 3617.737 GC heap before
{Heap before GC invocations=61 (full 5):
 PSYoungGen      total 393728K, used 339283K [0x00000000e0000000, 0x0000000100000000, 0x0000000100000000)
  eden space 268288K, 100% used [0x00000000e0000000,0x00000000f0600000,0x00000000f0600000)
  from space 125440K, 56% used [0x00000000f0600000,0x00000000f4b54c18,0x00000000f8080000)
  to   space 128000K, 0% used [0x00000000f8300000,0x00000000f8300000,0x0000000100000000)
 ParOldGen       total 226816K, used 174425K [0x00000000a0000000, 0x00000000add80000, 0x00000000e0000000)
  object space 226816K, 76% used [0x00000000a0000000,0x00000000aaa56468,0x00000000add80000)
 Metaspace       used 91237K, capacity 97792K, committed 97880K, reserved 1134592K
  class space    used 11778K, capacity 12914K, committed 12928K, reserved 1048576K
Event: 3617.773 GC heap after
Heap after GC invocations=61 (full 5):
 PSYoungGen      total 396288K, used 10986K [0x00000000e0000000, 0x00000000ffd80000, 0x0000000100000000)
  eden space 270848K, 0% used [0x00000000e0000000,0x00000000e0000000,0x00000000f0880000)
  from space 125440K, 8% used [0x00000000f8300000,0x00000000f8dbaa78,0x00000000ffd80000)
  to   space 125440K, 0% used [0x00000000f0880000,0x00000000f0880000,0x00000000f8300000)
 ParOldGen       total 226816K, used 175869K [0x00000000a0000000, 0x00000000add80000, 0x00000000e0000000)
  object space 226816K, 77% used [0x00000000a0000000,0x00000000aabbf7e8,0x00000000add80000)
 Metaspace       used 91237K, capacity 97792K, committed 97880K, reserved 1134592K
  class space    used 11778K, capacity 12914K, committed 12928K, reserved 1048576K
}
Event: 3623.025 GC heap before
{Heap before GC invocations=62 (full 5):
 PSYoungGen      total 396288K, used 281834K [0x00000000e0000000, 0x00000000ffd80000, 0x0000000100000000)
  eden space 270848K, 100% used [0x00000000e0000000,0x00000000f0880000,0x00000000f0880000)
  from space 125440K, 8% used [0x00000000f8300000,0x00000000f8dbaa78,0x00000000ffd80000)
  to   space 125440K, 0% used [0x00000000f0880000,0x00000000f0880000,0x00000000f8300000)
 ParOldGen       total 226816K, used 175869K [0x00000000a0000000, 0x00000000add80000, 0x00000000e0000000)
  object space 226816K, 77% used [0x00000000a0000000,0x00000000aabbf7e8,0x00000000add80000)
 Metaspace       used 91306K, capacity 97928K, committed 98136K, reserved 1134592K
  class space    used 11778K, capacity 12914K, committed 12928K, reserved 1048576K
Event: 3623.201 GC heap after
Heap after GC invocations=62 (full 5):
 PSYoungGen      total 396288K, used 61454K [0x00000000e0000000, 0x00000000ffe00000, 0x0000000100000000)
  eden space 270848K, 0% used [0x00000000e0000000,0x00000000e0000000,0x00000000f0880000)
  from space 125440K, 48% used [0x00000000f0880000,0x00000000f4483b68,0x00000000f8300000)
  to   space 124416K, 0% used [0x00000000f8480000,0x00000000f8480000,0x00000000ffe00000)
 ParOldGen       total 226816K, used 178532K [0x00000000a0000000, 0x00000000add80000, 0x00000000e0000000)
  object space 226816K, 78% used [0x00000000a0000000,0x00000000aae591c0,0x00000000add80000)
 Metaspace       used 91306K, capacity 97928K, committed 98136K, reserved 1134592K
  class space    used 11778K, capacity 12914K, committed 12928K, reserved 1048576K
}
Event: 3757.353 GC heap before
{Heap before GC invocations=63 (full 5):
 PSYoungGen      total 396288K, used 332302K [0x00000000e0000000, 0x00000000ffe00000, 0x0000000100000000)
  eden space 270848K, 100% used [0x00000000e0000000,0x00000000f0880000,0x00000000f0880000)
  from space 125440K, 48% used [0x00000000f0880000,0x00000000f4483b68,0x00000000f8300000)
  to   space 124416K, 0% used [0x00000000f8480000,0x00000000f8480000,0x00000000ffe00000)
 ParOldGen       total 226816K, used 178532K [0x00000000a0000000, 0x00000000add80000, 0x00000000e0000000)
  object space 226816K, 78% used [0x00000000a0000000,0x00000000aae591c0,0x00000000add80000)
 Metaspace       used 91321K, capacity 97992K, committed 98136K, reserved 1134592K
  class space    used 11778K, capacity 12914K, committed 12928K, reserved 1048576K
Event: 3757.389 GC heap after
Heap after GC invocations=63 (full 5):
 PSYoungGen      total 395776K, used 8797K [0x00000000e0000000, 0x00000000ffb00000, 0x0000000100000000)
  eden space 274432K, 0% used [0x00000000e0000000,0x00000000e0000000,0x00000000f0c00000)
  from space 121344K, 7% used [0x00000000f8480000,0x00000000f8d17710,0x00000000ffb00000)
  to   space 122368K, 0% used [0x00000000f0c00000,0x00000000f0c00000,0x00000000f8380000)
 ParOldGen       total 226816K, used 183610K [0x00000000a0000000, 0x00000000add80000, 0x00000000e0000000)
  object space 226816K, 80% used [0x00000000a0000000,0x00000000ab34ea30,0x00000000add80000)
 Metaspace       used 91321K, capacity 97992K, committed 98136K, reserved 1134592K
  class space    used 11778K, capacity 12914K, committed 12928K, reserved 1048576K
}
Event: 3762.757 GC heap before
{Heap before GC invocations=64 (full 5):
 PSYoungGen      total 395776K, used 283229K [0x00000000e0000000, 0x00000000ffb00000, 0x0000000100000000)
  eden space 274432K, 100% used [0x00000000e0000000,0x00000000f0c00000,0x00000000f0c00000)
  from space 121344K, 7% used [0x00000000f8480000,0x00000000f8d17710,0x00000000ffb00000)
  to   space 122368K, 0% used [0x00000000f0c00000,0x00000000f0c00000,0x00000000f8380000)
 ParOldGen       total 226816K, used 183610K [0x00000000a0000000, 0x00000000add80000, 0x00000000e0000000)
  object space 226816K, 80% used [0x00000000a0000000,0x00000000ab34ea30,0x00000000add80000)
 Metaspace       used 91398K, capacity 98064K, committed 98136K, reserved 1134592K
  class space    used 11778K, capacity 12914K, committed 12928K, reserved 1048576K
Event: 3762.842 GC heap after
Heap after GC invocations=64 (full 5):
 PSYoungGen      total 396800K, used 55381K [0x00000000e0000000, 0x00000000ffc00000, 0x0000000100000000)
  eden space 274432K, 0% used [0x00000000e0000000,0x00000000e0000000,0x00000000f0c00000)
  from space 122368K, 45% used [0x00000000f0c00000,0x00000000f4215520,0x00000000f8380000)
  to   space 119808K, 0% used [0x00000000f8700000,0x00000000f8700000,0x00000000ffc00000)
 ParOldGen       total 226816K, used 183618K [0x00000000a0000000, 0x00000000add80000, 0x00000000e0000000)
  object space 226816K, 80% used [0x00000000a0000000,0x00000000ab350a30,0x00000000add80000)
 Metaspace       used 91398K, capacity 98064K, committed 98136K, reserved 1134592K
  class space    used 11778K, capacity 12914K, committed 12928K, reserved 1048576K
}
Event: 3764.881 GC heap before
{Heap before GC invocations=65 (full 5):
 PSYoungGen      total 396800K, used 322948K [0x00000000e0000000, 0x00000000ffc00000, 0x0000000100000000)
  eden space 274432K, 97% used [0x00000000e0000000,0x00000000f054bdb8,0x00000000f0c00000)
  from space 122368K, 45% used [0x00000000f0c00000,0x00000000f4215520,0x00000000f8380000)
  to   space 119808K, 0% used [0x00000000f8700000,0x00000000f8700000,0x00000000ffc00000)
 ParOldGen       total 226816K, used 183618K [0x00000000a0000000, 0x00000000add80000, 0x00000000e0000000)
  object space 226816K, 80% used [0x00000000a0000000,0x00000000ab350a30,0x00000000add80000)
 Metaspace       used 91401K, capacity 98064K, committed 98136K, reserved 1134592K
  class space    used 11778K, capacity 12914K, committed 12928K, reserved 1048576K
Event: 3764.921 GC heap after
Heap after GC invocations=65 (full 5):
 PSYoungGen      total 395264K, used 18233K [0x00000000e0000000, 0x00000000ff580000, 0x0000000100000000)
  eden space 282112K, 0% used [0x00000000e0000000,0x00000000e0000000,0x00000000f1380000)
  from space 113152K, 16% used [0x00000000f8700000,0x00000000f98ce418,0x00000000ff580000)
  to   space 115712K, 0% used [0x00000000f1380000,0x00000000f1380000,0x00000000f8480000)
 ParOldGen       total 226816K, used 183626K [0x00000000a0000000, 0x00000000add80000, 0x00000000e0000000)
  object space 226816K, 80% used [0x00000000a0000000,0x00000000ab352a30,0x00000000add80000)
 Metaspace       used 91401K, capacity 98064K, committed 98136K, reserved 1134592K
  class space    used 11778K, capacity 12914K, committed 12928K, reserved 1048576K
}

Deoptimization events (10 events):
Event: 3059.550 Thread 0x0000000018fcb800 Uncommon trap: reason=class_check action=maybe_recompile pc=0x000000000666ee1c method=java.util.Collections$UnmodifiableMap$UnmodifiableEntrySet$UnmodifiableEntry.<init>(Ljava/util/Map$Entry;)V @ 9
Event: 3059.550 Thread 0x0000000018fcb800 Uncommon trap: reason=class_check action=maybe_recompile pc=0x000000000666ee1c method=java.util.Collections$UnmodifiableMap$UnmodifiableEntrySet$UnmodifiableEntry.<init>(Ljava/util/Map$Entry;)V @ 9
Event: 3059.550 Thread 0x0000000018fcb800 Uncommon trap: reason=class_check action=maybe_recompile pc=0x000000000666ee1c method=java.util.Collections$UnmodifiableMap$UnmodifiableEntrySet$UnmodifiableEntry.<init>(Ljava/util/Map$Entry;)V @ 9
Event: 3066.486 Thread 0x0000000018bad800 Uncommon trap: reason=class_check action=maybe_recompile pc=0x000000000592af34 method=com.android.tools.r8.graph.e0.computeEquals(Ljava/lang/Object;)Z @ 1
Event: 3617.170 Thread 0x000000001d537800 Uncommon trap: reason=unstable_if action=reinterpret pc=0x0000000004f58258 method=org.gradle.internal.logging.sink.OutputEventRenderer.onOutput(Lorg/gradle/internal/logging/events/OutputEvent;)V @ 24
Event: 3621.993 Thread 0x0000000018fd1800 Uncommon trap: reason=unloaded action=reinterpret pc=0x00000000063c032c method=com.android.tools.r8.u.c.M.a(ILcom/android/tools/r8/u/b/j1;Lcom/android/tools/r8/u/b/l;Lcom/android/tools/r8/u/b/l$c;Lcom/android/tools/r8/u/b/M0$a;)Lcom/android/tools/r8/u/b/g
Event: 3622.000 Thread 0x0000000018fd1800 Uncommon trap: reason=unstable_if action=reinterpret pc=0x000000000394b9a4 method=com.android.tools.r8.ir.optimize.h.a(Lcom/android/tools/r8/u/b/d0;ZLcom/android/tools/r8/u/b/d0;)Z @ 20
Event: 3622.002 Thread 0x0000000018fd1800 Uncommon trap: reason=unstable_if action=reinterpret pc=0x0000000006602b68 method=com.android.tools.r8.ir.regalloc.a.d(I)Z @ 44
Event: 3623.579 Thread 0x000000001bf36800 Uncommon trap: reason=unstable_if action=reinterpret pc=0x0000000006f5f888 method=java.util.concurrent.ForkJoinTask.externalInterruptibleAwaitDone()I @ 91
Event: 3763.056 Thread 0x000000001bf36800 Uncommon trap: reason=unstable_if action=reinterpret pc=0x0000000006f62ca8 method=java.util.concurrent.ForkJoinTask.setCompletion(I)I @ 25

Classes redefined (0 events):
No events

Internal exceptions (10 events):
Event: 3761.899 Thread 0x000000001d536000 Exception <a 'sun/nio/fs/WindowsException'> (0x00000000eabc7948) thrown at [D:\src\AOSP-openjdk-cygwin\jdk8u\hotspot\src\share\vm\prims\jni.cpp, line 710]
Event: 3761.905 Thread 0x000000001d536000 Exception <a 'sun/nio/fs/WindowsException'> (0x00000000eabd0778) thrown at [D:\src\AOSP-openjdk-cygwin\jdk8u\hotspot\src\share\vm\prims\jni.cpp, line 710]
Event: 3761.930 Thread 0x000000001d536000 Exception <a 'sun/nio/fs/WindowsException'> (0x00000000eabd7d88) thrown at [D:\src\AOSP-openjdk-cygwin\jdk8u\hotspot\src\share\vm\prims\jni.cpp, line 710]
Event: 3761.933 Thread 0x000000001d536000 Exception <a 'sun/nio/fs/WindowsException'> (0x00000000eabdea68) thrown at [D:\src\AOSP-openjdk-cygwin\jdk8u\hotspot\src\share\vm\prims\jni.cpp, line 710]
Event: 3761.936 Thread 0x000000001d536000 Exception <a 'sun/nio/fs/WindowsException'> (0x00000000ead27330) thrown at [D:\src\AOSP-openjdk-cygwin\jdk8u\hotspot\src\share\vm\prims\jni.cpp, line 710]
Event: 3761.940 Thread 0x000000001d536000 Exception <a 'sun/nio/fs/WindowsException'> (0x00000000ead2df68) thrown at [D:\src\AOSP-openjdk-cygwin\jdk8u\hotspot\src\share\vm\prims\jni.cpp, line 710]
Event: 3761.943 Thread 0x000000001d536000 Exception <a 'sun/nio/fs/WindowsException'> (0x00000000ead3d838) thrown at [D:\src\AOSP-openjdk-cygwin\jdk8u\hotspot\src\share\vm\prims\jni.cpp, line 710]
Event: 3762.471 Thread 0x000000001d539000 Exception <a 'sun/nio/fs/WindowsException'> (0x00000000ebd7a7b8) thrown at [D:\src\AOSP-openjdk-cygwin\jdk8u\hotspot\src\share\vm\prims\jni.cpp, line 710]
Event: 3764.735 Thread 0x000000001bf39800 Exception <a 'sun/nio/fs/WindowsException'> (0x00000000ef739bc8) thrown at [D:\src\AOSP-openjdk-cygwin\jdk8u\hotspot\src\share\vm\prims\jni.cpp, line 710]
Event: 3765.315 Thread 0x0000000018fcb800 Exception <a 'sun/nio/fs/WindowsException'> (0x00000000e0f7d1b0) thrown at [D:\src\AOSP-openjdk-cygwin\jdk8u\hotspot\src\share\vm\prims\jni.cpp, line 710]

Events (10 events):
Event: 3791.747 Executing VM operation: BulkRevokeBias done
Event: 3791.762 Thread 0x0000000018fce800 Thread added: 0x0000000018fce800
Event: 3791.870 Thread 0x0000000018fc7800 Thread added: 0x0000000018fc7800
Event: 3792.275 Thread 0x0000000018fd4800 Thread added: 0x0000000018fd4800
Event: 3792.276 Thread 0x0000000018fd0800 Thread added: 0x0000000018fd0800
Event: 3792.276 Thread 0x0000000018fd1800 Thread added: 0x0000000018fd1800
Event: 3792.352 Executing VM operation: RevokeBias
Event: 3792.353 Executing VM operation: RevokeBias done
Event: 3792.353 Executing VM operation: RevokeBias
Event: 3792.353 Executing VM operation: RevokeBias done


Dynamic libraries:
0x00007ff70ad80000 - 0x00007ff70adb1000 	C:\Program Files\Android\Android Studio\jre\bin\java.exe
0x00007ffeecee0000 - 0x00007ffeed0d0000 	C:\WINDOWS\SYSTEM32\ntdll.dll
0x00007ffeeb760000 - 0x00007ffeeb812000 	C:\WINDOWS\System32\KERNEL32.DLL
0x00007ffeea300000 - 0x00007ffeea5a3000 	C:\WINDOWS\System32\KERNELBASE.dll
0x00007ffeebf90000 - 0x00007ffeec033000 	C:\WINDOWS\System32\ADVAPI32.dll
0x00007ffeeb650000 - 0x00007ffeeb6ee000 	C:\WINDOWS\System32\msvcrt.dll
0x00007ffeeb500000 - 0x00007ffeeb597000 	C:\WINDOWS\System32\sechost.dll
0x00007ffeeb230000 - 0x00007ffeeb350000 	C:\WINDOWS\System32\RPCRT4.dll
0x00007ffeebc90000 - 0x00007ffeebe24000 	C:\WINDOWS\System32\USER32.dll
0x00007ffeea1b0000 - 0x00007ffeea1d1000 	C:\WINDOWS\System32\win32u.dll
0x00007ffeece40000 - 0x00007ffeece66000 	C:\WINDOWS\System32\GDI32.dll
0x00007ffee9ec0000 - 0x00007ffeea054000 	C:\WINDOWS\System32\gdi32full.dll
0x00007ffeea1e0000 - 0x00007ffeea27e000 	C:\WINDOWS\System32\msvcp_win.dll
0x00007ffeea0b0000 - 0x00007ffeea1aa000 	C:\WINDOWS\System32\ucrtbase.dll
0x00007ffec57b0000 - 0x00007ffec5a35000 	C:\WINDOWS\WinSxS\amd64_microsoft.windows.common-controls_6595b64144ccf1df_6.0.18362.720_none_e6beb5c51314836b\COMCTL32.dll
0x00007ffeec8f0000 - 0x00007ffeecc26000 	C:\WINDOWS\System32\combase.dll
0x00007ffeea280000 - 0x00007ffeea300000 	C:\WINDOWS\System32\bcryptPrimitives.dll
0x00007ffeeb060000 - 0x00007ffeeb08e000 	C:\WINDOWS\System32\IMM32.DLL
0x0000000069250000 - 0x0000000069322000 	C:\Program Files\Android\Android Studio\jre\jre\bin\msvcr100.dll
0x0000000068130000 - 0x0000000068976000 	C:\Program Files\Android\Android Studio\jre\jre\bin\server\jvm.dll
0x00007ffeeb350000 - 0x00007ffeeb358000 	C:\WINDOWS\System32\PSAPI.DLL
0x00007ffee7850000 - 0x00007ffee7874000 	C:\WINDOWS\SYSTEM32\WINMM.dll
0x00007ffee4140000 - 0x00007ffee4149000 	C:\WINDOWS\SYSTEM32\WSOCK32.dll
0x00007ffeeb6f0000 - 0x00007ffeeb75f000 	C:\WINDOWS\System32\WS2_32.dll
0x00007ffee19c0000 - 0x00007ffee19ca000 	C:\WINDOWS\SYSTEM32\VERSION.dll
0x00007ffee7820000 - 0x00007ffee784d000 	C:\WINDOWS\SYSTEM32\WINMMBASE.dll
0x00007ffeea610000 - 0x00007ffeea65a000 	C:\WINDOWS\System32\cfgmgr32.dll
0x00007ffee40c0000 - 0x00007ffee40cf000 	C:\Program Files\Android\Android Studio\jre\jre\bin\verify.dll
0x00007ffedf870000 - 0x00007ffedf899000 	C:\Program Files\Android\Android Studio\jre\jre\bin\java.dll
0x00007ffee2e70000 - 0x00007ffee2e86000 	C:\Program Files\Android\Android Studio\jre\jre\bin\zip.dll
0x00007ffeec0b0000 - 0x00007ffeec795000 	C:\WINDOWS\System32\SHELL32.dll
0x00007ffeeb5a0000 - 0x00007ffeeb649000 	C:\WINDOWS\System32\shcore.dll
0x00007ffeea710000 - 0x00007ffeeae90000 	C:\WINDOWS\System32\windows.storage.dll
0x00007ffee9e40000 - 0x00007ffee9e63000 	C:\WINDOWS\System32\profapi.dll
0x00007ffee9e70000 - 0x00007ffee9eba000 	C:\WINDOWS\System32\powrprof.dll
0x00007ffee9df0000 - 0x00007ffee9e00000 	C:\WINDOWS\System32\UMPDC.dll
0x00007ffeeb000000 - 0x00007ffeeb052000 	C:\WINDOWS\System32\shlwapi.dll
0x00007ffee9e00000 - 0x00007ffee9e11000 	C:\WINDOWS\System32\kernel.appcore.dll
0x00007ffeea090000 - 0x00007ffeea0a7000 	C:\WINDOWS\System32\cryptsp.dll
0x00007ffee28e0000 - 0x00007ffee28fa000 	C:\Program Files\Android\Android Studio\jre\jre\bin\net.dll
0x00007ffedf660000 - 0x00007ffedf835000 	C:\WINDOWS\SYSTEM32\urlmon.dll
0x00007ffedfb40000 - 0x00007ffedfde6000 	C:\WINDOWS\SYSTEM32\iertutil.dll
0x00007ffee9830000 - 0x00007ffee983c000 	C:\WINDOWS\SYSTEM32\CRYPTBASE.DLL
0x00007ffee9660000 - 0x00007ffee96c7000 	C:\WINDOWS\system32\mswsock.dll
0x00007ffee1af0000 - 0x00007ffee1b03000 	C:\Program Files\Android\Android Studio\jre\jre\bin\nio.dll
0x00007ffecbe20000 - 0x00007ffecbe46000 	C:\Users\‡‰ÏËÌ\.gradle\native\30\windows-amd64\native-platform.dll
0x00007ffee3ea0000 - 0x00007ffee3ead000 	C:\Program Files\Android\Android Studio\jre\jre\bin\management.dll
0x00007ffee9170000 - 0x00007ffee91a3000 	C:\WINDOWS\system32\rsaenh.dll
0x00007ffeea060000 - 0x00007ffeea086000 	C:\WINDOWS\System32\bcrypt.dll
0x00007ffee9ce0000 - 0x00007ffee9d05000 	C:\WINDOWS\SYSTEM32\USERENV.dll
0x00007ffee9370000 - 0x00007ffee93aa000 	C:\WINDOWS\SYSTEM32\IPHLPAPI.DLL
0x00007ffeec8e0000 - 0x00007ffeec8e8000 	C:\WINDOWS\System32\NSI.dll
0x00007ffedf5a0000 - 0x00007ffedf5b6000 	C:\WINDOWS\SYSTEM32\dhcpcsvc6.DLL
0x00007ffee1870000 - 0x00007ffee188c000 	C:\WINDOWS\SYSTEM32\dhcpcsvc.DLL
0x00007ffee93b0000 - 0x00007ffee947a000 	C:\WINDOWS\SYSTEM32\DNSAPI.dll

VM Arguments:
jvm_args: -Xmx1536m -Dfile.encoding=windows-1251 -Duser.country=RU -Duser.language=ru -Duser.variant 
java_command: org.gradle.launcher.daemon.bootstrap.GradleDaemon 5.6.4
java_class_path (initial): C:\Users\‡‰ÏËÌ\.gradle\wrapper\dists\gradle-5.6.4-all\ankdp27end7byghfw1q2sw75f\gradle-5.6.4\lib\gradle-launcher-5.6.4.jar
Launcher Type: SUN_STANDARD

Environment Variables:
PATH=C:\Program Files\Microsoft MPI\Bin\;C:\Program Files (x86)\PC Connectivity Solution\;C:\WINDOWS\system32;C:\WINDOWS;C:\WINDOWS\System32\Wbem;C:\WINDOWS\System32\WindowsPowerShell\v1.0\;C:\Program Files (x86)\AMD\ATI.ACE\Core-Static;C:\Program Files\Java\jdk-12.0.2\bin;C:\WINDOWS\System32\OpenSSH\;C:\Program Files\Microsoft SQL Server\Client SDK\ODBC\130\Tools\Binn\;C:\Program Files (x86)\Microsoft SQL Server\130\Tools\Binn\;C:\Program Files\Microsoft SQL Server\130\Tools\Binn\;C:\Program Files\Microsoft SQL Server\130\DTS\Binn\;C:\Program Files (x86)\Microsoft SQL Server\140\Tools\Binn\;C:\Program Files\Microsoft SQL Server\140\Tools\Binn\;C:\Program Files (x86)\Microsoft SQL Server\140\DTS\Binn\;C:\Program Files\Microsoft SQL Server\140\DTS\Binn\;C:\Program Files (x86)\Microsoft SQL Server\150\DTS\Binn\;C:\Users\‡‰ÏËÌ\AppData\Local\Microsoft\WindowsApps;C:\adb;C:\Program Files\Git\cmd;C:\Users\‡‰ÏËÌ\AppData\Local\Microsoft\WindowsApps;
USERNAME=‡‰ÏËÌ
OS=Windows_NT
PROCESSOR_IDENTIFIER=AMD64 Family 21 Model 101 Stepping 1, AuthenticAMD



---------------  S Y S T E M  ---------------

OS: Windows 10.0 , 64 bit Build 18362 (10.0.18362.329)

CPU:total 4 (initial active 4) (4 cores per cpu, 1 threads per core) family 21 model 101 stepping 1, cmov, cx8, fxsr, mmx, sse, sse2, sse3, ssse3, sse4.1, sse4.2, popcnt, avx, avx2, aes, clmul, mmxext, 3dnowpref, lzcnt, sse4a, tsc, tscinvbit, tscinv, bmi1

Memory: 4k page, physical 7503772k(699296k free), swap 9568156k(6248k free)

vm_info: OpenJDK 64-Bit Server VM (25.212-b04) for windows-amd64 JRE (1.8.0_212-release-1586-b04), built by "builder" with MS VC++ 10.0 (VS2010)

time: Wed Apr 15 19:07:51 2020
timezone: ¡‡„‰‡‰ÒÍÓÂ ‚ÂÏˇ (ÁËÏ‡)
elapsed time: 3792 seconds (0d 1h 3m 12s)

